2025-05-10T10:50:55.945+05:30  WARN 40020 --- [HotelBookingService] [HikariPool-7 housekeeper] com.zaxxer.hikari.pool.HikariPool        : HikariPool-7 - Thread starvation or clock leap detected (housekeeper delta=14h15m56s442ms412µs600ns).
2025-05-10T10:55:16.858+05:30  INFO 40020 --- [HotelBookingService] [AsyncResolver-bootstrap-executor-%d] c.n.d.s.r.aws.ConfigClusterResolver      : Resolving eureka endpoints via configuration
2025-05-10T11:00:16.870+05:30  INFO 40020 --- [HotelBookingService] [AsyncResolver-bootstrap-executor-%d] c.n.d.s.r.aws.ConfigClusterResolver      : Resolving eureka endpoints via configuration
2025-05-10T11:05:16.883+05:30  INFO 40020 --- [HotelBookingService] [AsyncResolver-bootstrap-executor-%d] c.n.d.s.r.aws.ConfigClusterResolver      : Resolving eureka endpoints via configuration
2025-05-10T11:10:16.896+05:30  INFO 40020 --- [HotelBookingService] [AsyncResolver-bootstrap-executor-%d] c.n.d.s.r.aws.ConfigClusterResolver      : Resolving eureka endpoints via configuration
2025-05-10T11:15:16.897+05:30  INFO 40020 --- [HotelBookingService] [AsyncResolver-bootstrap-executor-%d] c.n.d.s.r.aws.ConfigClusterResolver      : Resolving eureka endpoints via configuration
2025-05-10T11:20:16.913+05:30  INFO 40020 --- [HotelBookingService] [AsyncResolver-bootstrap-executor-%d] c.n.d.s.r.aws.ConfigClusterResolver      : Resolving eureka endpoints via configuration
2025-05-10T11:25:16.928+05:30  INFO 40020 --- [HotelBookingService] [AsyncResolver-bootstrap-executor-%d] c.n.d.s.r.aws.ConfigClusterResolver      : Resolving eureka endpoints via configuration
2025-05-10T11:30:16.932+05:30  INFO 40020 --- [HotelBookingService] [AsyncResolver-bootstrap-executor-%d] c.n.d.s.r.aws.ConfigClusterResolver      : Resolving eureka endpoints via configuration
2025-05-10T11:35:16.947+05:30  INFO 40020 --- [HotelBookingService] [AsyncResolver-bootstrap-executor-%d] c.n.d.s.r.aws.ConfigClusterResolver      : Resolving eureka endpoints via configuration
2025-05-10T11:40:16.954+05:30  INFO 40020 --- [HotelBookingService] [AsyncResolver-bootstrap-executor-%d] c.n.d.s.r.aws.ConfigClusterResolver      : Resolving eureka endpoints via configuration
2025-05-10T11:45:16.963+05:30  INFO 40020 --- [HotelBookingService] [AsyncResolver-bootstrap-executor-%d] c.n.d.s.r.aws.ConfigClusterResolver      : Resolving eureka endpoints via configuration
2025-05-10T11:50:16.969+05:30  INFO 40020 --- [HotelBookingService] [AsyncResolver-bootstrap-executor-%d] c.n.d.s.r.aws.ConfigClusterResolver      : Resolving eureka endpoints via configuration
2025-05-10T11:55:16.979+05:30  INFO 40020 --- [HotelBookingService] [AsyncResolver-bootstrap-executor-%d] c.n.d.s.r.aws.ConfigClusterResolver      : Resolving eureka endpoints via configuration
2025-05-10T12:00:16.995+05:30  INFO 40020 --- [HotelBookingService] [AsyncResolver-bootstrap-executor-%d] c.n.d.s.r.aws.ConfigClusterResolver      : Resolving eureka endpoints via configuration
2025-05-10T12:05:17.005+05:30  INFO 40020 --- [HotelBookingService] [AsyncResolver-bootstrap-executor-%d] c.n.d.s.r.aws.ConfigClusterResolver      : Resolving eureka endpoints via configuration
2025-05-10T12:10:17.007+05:30  INFO 40020 --- [HotelBookingService] [AsyncResolver-bootstrap-executor-%d] c.n.d.s.r.aws.ConfigClusterResolver      : Resolving eureka endpoints via configuration
2025-05-10T12:15:17.019+05:30  INFO 40020 --- [HotelBookingService] [AsyncResolver-bootstrap-executor-%d] c.n.d.s.r.aws.ConfigClusterResolver      : Resolving eureka endpoints via configuration
2025-05-10T12:20:17.031+05:30  INFO 40020 --- [HotelBookingService] [AsyncResolver-bootstrap-executor-%d] c.n.d.s.r.aws.ConfigClusterResolver      : Resolving eureka endpoints via configuration
2025-05-10T12:25:17.046+05:30  INFO 40020 --- [HotelBookingService] [AsyncResolver-bootstrap-executor-%d] c.n.d.s.r.aws.ConfigClusterResolver      : Resolving eureka endpoints via configuration
2025-05-10T12:30:22.246+05:30  INFO 40020 --- [HotelBookingService] [AsyncResolver-bootstrap-executor-%d] c.n.d.s.r.aws.ConfigClusterResolver      : Resolving eureka endpoints via configuration
2025-05-10T12:35:22.259+05:30  INFO 40020 --- [HotelBookingService] [AsyncResolver-bootstrap-executor-%d] c.n.d.s.r.aws.ConfigClusterResolver      : Resolving eureka endpoints via configuration
2025-05-10T12:40:24.301+05:30  INFO 40020 --- [HotelBookingService] [AsyncResolver-bootstrap-executor-%d] c.n.d.s.r.aws.ConfigClusterResolver      : Resolving eureka endpoints via configuration
2025-05-10T12:57:36.274+05:30  WARN 40020 --- [HotelBookingService] [HikariPool-7 housekeeper] com.zaxxer.hikari.pool.HikariPool        : HikariPool-7 - Thread starvation or clock leap detected (housekeeper delta=17m26s977ms575µs500ns).
2025-05-10T13:02:21.270+05:30  INFO 40020 --- [HotelBookingService] [AsyncResolver-bootstrap-executor-%d] c.n.d.s.r.aws.ConfigClusterResolver      : Resolving eureka endpoints via configuration
2025-05-10T13:07:21.271+05:30  INFO 40020 --- [HotelBookingService] [AsyncResolver-bootstrap-executor-%d] c.n.d.s.r.aws.ConfigClusterResolver      : Resolving eureka endpoints via configuration
2025-05-10T13:12:21.280+05:30  INFO 40020 --- [HotelBookingService] [AsyncResolver-bootstrap-executor-%d] c.n.d.s.r.aws.ConfigClusterResolver      : Resolving eureka endpoints via configuration
2025-05-10T13:17:21.283+05:30  INFO 40020 --- [HotelBookingService] [AsyncResolver-bootstrap-executor-%d] c.n.d.s.r.aws.ConfigClusterResolver      : Resolving eureka endpoints via configuration
2025-05-10T13:22:21.286+05:30  INFO 40020 --- [HotelBookingService] [AsyncResolver-bootstrap-executor-%d] c.n.d.s.r.aws.ConfigClusterResolver      : Resolving eureka endpoints via configuration
2025-05-10T13:27:21.295+05:30  INFO 40020 --- [HotelBookingService] [AsyncResolver-bootstrap-executor-%d] c.n.d.s.r.aws.ConfigClusterResolver      : Resolving eureka endpoints via configuration
2025-05-10T13:32:21.300+05:30  INFO 40020 --- [HotelBookingService] [AsyncResolver-bootstrap-executor-%d] c.n.d.s.r.aws.ConfigClusterResolver      : Resolving eureka endpoints via configuration
2025-05-10T13:37:21.314+05:30  INFO 40020 --- [HotelBookingService] [AsyncResolver-bootstrap-executor-%d] c.n.d.s.r.aws.ConfigClusterResolver      : Resolving eureka endpoints via configuration
2025-05-10T14:34:38.026+05:30  WARN 40020 --- [HotelBookingService] [HikariPool-7 housekeeper] com.zaxxer.hikari.pool.HikariPool        : HikariPool-7 - Thread starvation or clock leap detected (housekeeper delta=56m1s86ms866µs400ns).
2025-05-10T18:49:29.066+05:30  WARN 40020 --- [HotelBookingService] [HikariPool-7 housekeeper] com.zaxxer.hikari.pool.HikariPool        : HikariPool-7 - Thread starvation or clock leap detected (housekeeper delta=4h12m51s6ms318µs).
2025-05-10T18:50:13.393+05:30  INFO 40020 --- [HotelBookingService] [AsyncResolver-bootstrap-executor-%d] c.n.d.s.r.aws.ConfigClusterResolver      : Resolving eureka endpoints via configuration
2025-05-10T18:55:13.405+05:30  INFO 40020 --- [HotelBookingService] [AsyncResolver-bootstrap-executor-%d] c.n.d.s.r.aws.ConfigClusterResolver      : Resolving eureka endpoints via configuration
2025-05-10T19:00:13.415+05:30  INFO 40020 --- [HotelBookingService] [AsyncResolver-bootstrap-executor-%d] c.n.d.s.r.aws.ConfigClusterResolver      : Resolving eureka endpoints via configuration
2025-05-10T19:05:13.424+05:30  INFO 40020 --- [HotelBookingService] [AsyncResolver-bootstrap-executor-%d] c.n.d.s.r.aws.ConfigClusterResolver      : Resolving eureka endpoints via configuration
2025-05-10T19:10:13.427+05:30  INFO 40020 --- [HotelBookingService] [AsyncResolver-bootstrap-executor-%d] c.n.d.s.r.aws.ConfigClusterResolver      : Resolving eureka endpoints via configuration
2025-05-10T19:15:13.441+05:30  INFO 40020 --- [HotelBookingService] [AsyncResolver-bootstrap-executor-%d] c.n.d.s.r.aws.ConfigClusterResolver      : Resolving eureka endpoints via configuration
2025-05-10T19:20:02.018+05:30  INFO 40020 --- [HotelBookingService] [http-nio-8084-exec-4] com.hotel.service.BookingServiceImpl     : In BookingServiceImpl getBookingById method...
2025-05-10T19:20:02.612+05:30  WARN 40020 --- [HotelBookingService] [http-nio-8084-exec-4] .m.m.a.ExceptionHandlerExceptionResolver : Resolved [com.hotel.exception.BookingNotFound: UserId is invalid]
2025-05-10T19:20:13.444+05:30  INFO 40020 --- [HotelBookingService] [AsyncResolver-bootstrap-executor-%d] c.n.d.s.r.aws.ConfigClusterResolver      : Resolving eureka endpoints via configuration
2025-05-10T19:23:10.254+05:30  INFO 40020 --- [HotelBookingService] [File Watcher] rtingClassPathChangeChangedEventListener : Restarting due to 1 class path change (0 additions, 0 deletions, 1 modification)
2025-05-10T19:23:10.297+05:30  INFO 40020 --- [HotelBookingService] [Thread-37] o.s.c.n.e.s.EurekaServiceRegistry        : Unregistering application HOTELBOOKINGSERVICE with eureka with status DOWN
2025-05-10T19:23:10.302+05:30  INFO 40020 --- [HotelBookingService] [Thread-37] com.netflix.discovery.DiscoveryClient    : Saw local status change event StatusChangeEvent [timestamp=1746885190301, current=DOWN, previous=UP]
2025-05-10T19:23:10.308+05:30  INFO 40020 --- [HotelBookingService] [DiscoveryClient-InstanceInfoReplicator-%d] com.netflix.discovery.DiscoveryClient    : DiscoveryClient_HOTELBOOKINGSERVICE/LTIN604034.cts.com:HotelBookingService:8084: registering service...
2025-05-10T19:23:10.411+05:30  INFO 40020 --- [HotelBookingService] [Thread-37] o.s.b.w.e.tomcat.GracefulShutdown        : Commencing graceful shutdown. Waiting for active requests to complete
2025-05-10T19:23:10.432+05:30  INFO 40020 --- [HotelBookingService] [tomcat-shutdown] o.s.b.w.e.tomcat.GracefulShutdown        : Graceful shutdown complete
2025-05-10T19:23:10.440+05:30  INFO 40020 --- [HotelBookingService] [DiscoveryClient-InstanceInfoReplicator-%d] com.netflix.discovery.DiscoveryClient    : DiscoveryClient_HOTELBOOKINGSERVICE/LTIN604034.cts.com:HotelBookingService:8084 - registration status: 204
2025-05-10T19:23:10.501+05:30  INFO 40020 --- [HotelBookingService] [Thread-37] j.LocalContainerEntityManagerFactoryBean : Closing JPA EntityManagerFactory for persistence unit 'default'
2025-05-10T19:23:10.557+05:30  INFO 40020 --- [HotelBookingService] [Thread-37] com.zaxxer.hikari.HikariDataSource       : HikariPool-7 - Shutdown initiated...
2025-05-10T19:23:10.583+05:30  INFO 40020 --- [HotelBookingService] [Thread-37] com.zaxxer.hikari.HikariDataSource       : HikariPool-7 - Shutdown completed.
2025-05-10T19:23:10.586+05:30  INFO 40020 --- [HotelBookingService] [Thread-37] com.netflix.discovery.DiscoveryClient    : Shutting down DiscoveryClient ...
2025-05-10T19:23:13.602+05:30  INFO 40020 --- [HotelBookingService] [Thread-37] com.netflix.discovery.DiscoveryClient    : Unregistering ...
2025-05-10T19:23:13.616+05:30  INFO 40020 --- [HotelBookingService] [Thread-37] com.netflix.discovery.DiscoveryClient    : DiscoveryClient_HOTELBOOKINGSERVICE/LTIN604034.cts.com:HotelBookingService:8084 - deregister  status: 200
2025-05-10T19:23:13.621+05:30  INFO 40020 --- [HotelBookingService] [Thread-37] com.netflix.discovery.DiscoveryClient    : Completed shut down of DiscoveryClient
2025-05-10T19:23:16.242+05:30  INFO 40020 --- [HotelBookingService] [restartedMain] c.hotel.HotelBookingServiceApplication   : Starting HotelBookingServiceApplication using Java 21.0.6 with PID 40020 (C:\Users\2401063\git\shbs\HotelBookingService\target\classes started by 2401063 in C:\Users\2401063\git\shbs\HotelBookingService)
2025-05-10T19:23:16.243+05:30  INFO 40020 --- [HotelBookingService] [restartedMain] c.hotel.HotelBookingServiceApplication   : No active profile set, falling back to 1 default profile: "default"
2025-05-10T19:23:16.247+05:30  INFO 40020 --- [HotelBookingService] [restartedMain] o.s.c.c.c.ConfigServerConfigDataLoader   : Fetching config from server at : http://localhost:8888
2025-05-10T19:23:16.247+05:30  INFO 40020 --- [HotelBookingService] [restartedMain] o.s.c.c.c.ConfigServerConfigDataLoader   : Located environment: name=HotelBookingService, profiles=[default], label=null, version=1e010d799c56a557590d147f0ffc5cbb104507f3, state=
2025-05-10T19:23:16.816+05:30  INFO 40020 --- [HotelBookingService] [restartedMain] .s.d.r.c.RepositoryConfigurationDelegate : Bootstrapping Spring Data JPA repositories in DEFAULT mode.
2025-05-10T19:23:16.836+05:30  INFO 40020 --- [HotelBookingService] [restartedMain] .s.d.r.c.RepositoryConfigurationDelegate : Finished Spring Data repository scanning in 17 ms. Found 1 JPA repository interface.
2025-05-10T19:23:17.122+05:30  INFO 40020 --- [HotelBookingService] [restartedMain] o.s.cloud.context.scope.GenericScope     : BeanFactory id=75d51a6b-98b9-3764-afe8-f9bd49b3a2e6
2025-05-10T19:23:17.391+05:30  INFO 40020 --- [HotelBookingService] [restartedMain] o.s.b.w.embedded.tomcat.TomcatWebServer  : Tomcat initialized with port 8084 (http)
2025-05-10T19:23:17.399+05:30  INFO 40020 --- [HotelBookingService] [restartedMain] o.apache.catalina.core.StandardService   : Starting service [Tomcat]
2025-05-10T19:23:17.399+05:30  INFO 40020 --- [HotelBookingService] [restartedMain] o.apache.catalina.core.StandardEngine    : Starting Servlet engine: [Apache Tomcat/10.1.40]
2025-05-10T19:23:17.573+05:30  INFO 40020 --- [HotelBookingService] [restartedMain] o.a.c.c.C.[Tomcat].[localhost].[/]       : Initializing Spring embedded WebApplicationContext
2025-05-10T19:23:17.573+05:30  INFO 40020 --- [HotelBookingService] [restartedMain] w.s.c.ServletWebServerApplicationContext : Root WebApplicationContext: initialization completed in 1326 ms
2025-05-10T19:23:17.649+05:30  INFO 40020 --- [HotelBookingService] [restartedMain] o.hibernate.jpa.internal.util.LogHelper  : HHH000204: Processing PersistenceUnitInfo [name: default]
2025-05-10T19:23:17.655+05:30  INFO 40020 --- [HotelBookingService] [restartedMain] o.h.c.internal.RegionFactoryInitiator    : HHH000026: Second-level cache disabled
2025-05-10T19:23:17.681+05:30  INFO 40020 --- [HotelBookingService] [restartedMain] o.s.o.j.p.SpringPersistenceUnitInfo      : No LoadTimeWeaver setup: ignoring JPA class transformer
2025-05-10T19:23:17.683+05:30  INFO 40020 --- [HotelBookingService] [restartedMain] com.zaxxer.hikari.HikariDataSource       : HikariPool-8 - Starting...
2025-05-10T19:23:17.714+05:30  INFO 40020 --- [HotelBookingService] [restartedMain] com.zaxxer.hikari.pool.HikariPool        : HikariPool-8 - Added connection com.mysql.cj.jdbc.ConnectionImpl@3d46dd5a
2025-05-10T19:23:17.715+05:30  INFO 40020 --- [HotelBookingService] [restartedMain] com.zaxxer.hikari.HikariDataSource       : HikariPool-8 - Start completed.
2025-05-10T19:23:17.719+05:30  WARN 40020 --- [HotelBookingService] [restartedMain] org.hibernate.orm.deprecation            : HHH90000025: MySQLDialect does not need to be specified explicitly using 'hibernate.dialect' (remove the property setting and it will be selected by default)
2025-05-10T19:23:17.721+05:30  INFO 40020 --- [HotelBookingService] [restartedMain] org.hibernate.orm.connections.pooling    : HHH10001005: Database info:
	Database JDBC URL [Connecting through datasource 'HikariDataSource (HikariPool-8)']
	Database driver: undefined/unknown
	Database version: 8.0.41
	Autocommit mode: undefined/unknown
	Isolation level: undefined/unknown
	Minimum pool size: undefined/unknown
	Maximum pool size: undefined/unknown
2025-05-10T19:23:17.896+05:30  INFO 40020 --- [HotelBookingService] [restartedMain] o.h.e.t.j.p.i.JtaPlatformInitiator       : HHH000489: No JTA platform available (set 'hibernate.transaction.jta.platform' to enable JTA platform integration)
2025-05-10T19:23:17.927+05:30  INFO 40020 --- [HotelBookingService] [restartedMain] j.LocalContainerEntityManagerFactoryBean : Initialized JPA EntityManagerFactory for persistence unit 'default'
2025-05-10T19:23:18.070+05:30  WARN 40020 --- [HotelBookingService] [restartedMain] JpaBaseConfiguration$JpaWebConfiguration : spring.jpa.open-in-view is enabled by default. Therefore, database queries may be performed during view rendering. Explicitly configure spring.jpa.open-in-view to disable this warning
2025-05-10T19:23:18.096+05:30  WARN 40020 --- [HotelBookingService] [restartedMain] o.s.b.d.a.OptionalLiveReloadServer       : Unable to start LiveReload server
2025-05-10T19:23:18.173+05:30  INFO 40020 --- [HotelBookingService] [restartedMain] o.s.c.openfeign.FeignClientFactoryBean   : For 'HOTELROOMMANAGEMENTSERVICE' URL not provided. Will try picking an instance via load-balancing.
2025-05-10T19:23:18.479+05:30  INFO 40020 --- [HotelBookingService] [restartedMain] DiscoveryClientOptionalArgsConfiguration : Eureka HTTP Client uses RestTemplate.
2025-05-10T19:23:18.513+05:30  WARN 40020 --- [HotelBookingService] [restartedMain] iguration$LoadBalancerCaffeineWarnLogger : Spring Cloud LoadBalancer is currently working with the default cache. While this cache implementation is useful for development and tests, it's recommended to use Caffeine cache in production.You can switch to using Caffeine cache, by adding it and org.springframework.cache.caffeine.CaffeineCacheManager to the classpath.
2025-05-10T19:23:18.555+05:30  INFO 40020 --- [HotelBookingService] [restartedMain] o.s.c.n.eureka.InstanceInfoFactory       : Setting initial instance status as: STARTING
2025-05-10T19:23:18.560+05:30  INFO 40020 --- [HotelBookingService] [restartedMain] com.netflix.discovery.DiscoveryClient    : Initializing Eureka in region us-east-1
2025-05-10T19:23:18.560+05:30  INFO 40020 --- [HotelBookingService] [restartedMain] c.n.d.s.r.aws.ConfigClusterResolver      : Resolving eureka endpoints via configuration
2025-05-10T19:23:18.560+05:30  INFO 40020 --- [HotelBookingService] [restartedMain] com.netflix.discovery.DiscoveryClient    : Disable delta property : false
2025-05-10T19:23:18.560+05:30  INFO 40020 --- [HotelBookingService] [restartedMain] com.netflix.discovery.DiscoveryClient    : Single vip registry refresh property : null
2025-05-10T19:23:18.560+05:30  INFO 40020 --- [HotelBookingService] [restartedMain] com.netflix.discovery.DiscoveryClient    : Force full registry fetch : false
2025-05-10T19:23:18.560+05:30  INFO 40020 --- [HotelBookingService] [restartedMain] com.netflix.discovery.DiscoveryClient    : Application is null : false
2025-05-10T19:23:18.560+05:30  INFO 40020 --- [HotelBookingService] [restartedMain] com.netflix.discovery.DiscoveryClient    : Registered Applications size is zero : true
2025-05-10T19:23:18.560+05:30  INFO 40020 --- [HotelBookingService] [restartedMain] com.netflix.discovery.DiscoveryClient    : Application version is -1: true
2025-05-10T19:23:18.560+05:30  INFO 40020 --- [HotelBookingService] [restartedMain] com.netflix.discovery.DiscoveryClient    : Getting all instance registry info from the eureka server
2025-05-10T19:23:18.617+05:30  INFO 40020 --- [HotelBookingService] [restartedMain] com.netflix.discovery.DiscoveryClient    : The response status is 200
2025-05-10T19:23:18.619+05:30  INFO 40020 --- [HotelBookingService] [restartedMain] com.netflix.discovery.DiscoveryClient    : Starting heartbeat executor: renew interval is: 30
2025-05-10T19:23:18.619+05:30  INFO 40020 --- [HotelBookingService] [restartedMain] c.n.discovery.InstanceInfoReplicator     : InstanceInfoReplicator onDemand update allowed rate per min is 4
2025-05-10T19:23:18.620+05:30  INFO 40020 --- [HotelBookingService] [restartedMain] com.netflix.discovery.DiscoveryClient    : Discovery Client initialized at timestamp 1746885198620 with initial instances count: 6
2025-05-10T19:23:18.625+05:30  INFO 40020 --- [HotelBookingService] [restartedMain] o.s.c.n.e.s.EurekaServiceRegistry        : Registering application HOTELBOOKINGSERVICE with eureka with status UP
2025-05-10T19:23:18.625+05:30  INFO 40020 --- [HotelBookingService] [restartedMain] com.netflix.discovery.DiscoveryClient    : Saw local status change event StatusChangeEvent [timestamp=1746885198625, current=UP, previous=STARTING]
2025-05-10T19:23:18.625+05:30  INFO 40020 --- [HotelBookingService] [DiscoveryClient-InstanceInfoReplicator-%d] com.netflix.discovery.DiscoveryClient    : DiscoveryClient_HOTELBOOKINGSERVICE/LTIN604034.cts.com:HotelBookingService:8084: registering service...
2025-05-10T19:23:18.642+05:30  INFO 40020 --- [HotelBookingService] [restartedMain] o.s.b.w.embedded.tomcat.TomcatWebServer  : Tomcat started on port 8084 (http) with context path '/'
2025-05-10T19:23:18.644+05:30  INFO 40020 --- [HotelBookingService] [restartedMain] .s.c.n.e.s.EurekaAutoServiceRegistration : Updating port to 8084
2025-05-10T19:23:18.658+05:30  INFO 40020 --- [HotelBookingService] [DiscoveryClient-InstanceInfoReplicator-%d] com.netflix.discovery.DiscoveryClient    : DiscoveryClient_HOTELBOOKINGSERVICE/LTIN604034.cts.com:HotelBookingService:8084 - registration status: 204
2025-05-10T19:23:18.674+05:30  INFO 40020 --- [HotelBookingService] [restartedMain] c.hotel.HotelBookingServiceApplication   : Started HotelBookingServiceApplication in 4.103 seconds (process running for 100788.303)
2025-05-10T19:23:18.677+05:30  INFO 40020 --- [HotelBookingService] [restartedMain] .ConditionEvaluationDeltaLoggingListener : Condition evaluation unchanged
2025-05-10T19:28:18.562+05:30  INFO 40020 --- [HotelBookingService] [AsyncResolver-bootstrap-executor-%d] c.n.d.s.r.aws.ConfigClusterResolver      : Resolving eureka endpoints via configuration
2025-05-10T19:33:18.564+05:30  INFO 40020 --- [HotelBookingService] [AsyncResolver-bootstrap-executor-%d] c.n.d.s.r.aws.ConfigClusterResolver      : Resolving eureka endpoints via configuration
2025-05-10T19:38:18.571+05:30  INFO 40020 --- [HotelBookingService] [AsyncResolver-bootstrap-executor-%d] c.n.d.s.r.aws.ConfigClusterResolver      : Resolving eureka endpoints via configuration
2025-05-10T19:43:18.577+05:30  INFO 40020 --- [HotelBookingService] [AsyncResolver-bootstrap-executor-%d] c.n.d.s.r.aws.ConfigClusterResolver      : Resolving eureka endpoints via configuration
2025-05-10T19:48:18.582+05:30  INFO 40020 --- [HotelBookingService] [AsyncResolver-bootstrap-executor-%d] c.n.d.s.r.aws.ConfigClusterResolver      : Resolving eureka endpoints via configuration
2025-05-10T19:53:18.587+05:30  INFO 40020 --- [HotelBookingService] [AsyncResolver-bootstrap-executor-%d] c.n.d.s.r.aws.ConfigClusterResolver      : Resolving eureka endpoints via configuration
2025-05-10T19:54:57.954+05:30  INFO 40020 --- [HotelBookingService] [http-nio-8084-exec-1] o.apache.coyote.http11.Http11Processor   : Error parsing HTTP request header
 Note: further occurrences of HTTP request parsing errors will be logged at DEBUG level.

java.lang.IllegalArgumentException: Invalid character found in method name [0x160x030x030x010xf40x010x000x010xf00x030x030xfau3n0xc70xc1px0xfc20x0f0xda0xea0x960x150x1a0xea0xd50xd8-0x8a0x030xcb0xdc0xe90x1a0xdf0xc50x84WV'0x000x01|0x000x000x000x010x000x020x000x030x000x040x000x050x000x060x000x070x000x080x000x090x000x0a0x000x0b0x000x0c0x000x0d0x000x0e0x000x0f0x000x100x000x110x000x120x000x130x000x140x000x150x000x160x000x170x000x180x000x190x000x1a0x000x1b0x00/0x0000x0010x0020x0030x0040x0050x0060x0070x0080x0090x00:0x00;0x00<0x00=0x00>0x00?0x00@0x00A0x00B0x00C0x00D0x00E0x00F0x00g0x00h0x00i0x00j0x00k0x00l0x00m0x000x840x000x850x000x860x000x870x000x880x000x890x000x960x000x970x000x980x000x990x000x9a0x000x9b0x000x9c0x000x9d0x000x9e0x000x9f0x000xa00x000xa10x000xa20x000xa30x000xa40x000xa50x000xa60x000xa70x000xba0x000xbb0x000xbc0x000xbd0x000xbe0x000xbf0x000xc00x000xc10x000xc20x000xc30x000xc40x000xc50x130x010x130x020x130x030x130x040x130x050xc00x010xc00x020xc00x030xc00x040xc00x050xc00x060xc00x070xc00x080xc00x090xc00x0a0xc00x0b0xc00x0c0xc00x0d0xc00x0e0xc00x0f0xc00x100xc00x110xc00x120xc00x130xc00x140xc00x150xc00x160xc00x170xc00x180xc00x190xc0#0xc0$0xc0%0xc0&0xc0'0xc0(0xc0)0xc0*0xc0+0xc0,0xc0-0xc0.0xc0/0xc000xc010xc020xc0r0xc0s0xc0t0xc0u0xc0v0xc0w0xc0x0xc0y0xc0z0xc0{0xc0|0xc0}0xc0~0xc00x7f0xc00x800xc00x810xc00x820xc00x830xc00x840xc00x850xc00x860xc00x870xc00x880xc00x890xc00x8a0xc00x8b0xc00x8c0xc00x8d0xc00x8e0xc00x8f0xc00x900xc00x910xc00x920xc00x930xc00x940xc00x950xc00x960xc00x970xc00x980xc00x990xc00x9a0xc00x9b0xcc0xa80xcc0xa90xcc0xaa0xcc0xab0xcc0xac0xcc0xad0xcc0xae0x020x000x010x00J0x000x0a0x000x0a0x000x080x000x170x000x190x000x180x000x160x000x0b0x000x040x030x000x010x020x000x0d0x0000x00.0x040x030x050x030x060x030x080x070x080x080x080x1a0x080x1b0x080x1c0x080x090x080x0a0x080x0b0x080x040x080x050x080x060x040x010x050x010x060x010x030x030x030x010x030x020x040x020x050x020x060x02...]. HTTP method names must be tokens
	at org.apache.coyote.http11.Http11InputBuffer.parseRequestLine(Http11InputBuffer.java:403) ~[tomcat-embed-core-10.1.40.jar:10.1.40]
	at org.apache.coyote.http11.Http11Processor.service(Http11Processor.java:271) ~[tomcat-embed-core-10.1.40.jar:10.1.40]
	at org.apache.coyote.AbstractProcessorLight.process(AbstractProcessorLight.java:63) ~[tomcat-embed-core-10.1.40.jar:10.1.40]
	at org.apache.coyote.AbstractProtocol$ConnectionHandler.process(AbstractProtocol.java:903) ~[tomcat-embed-core-10.1.40.jar:10.1.40]
	at org.apache.tomcat.util.net.NioEndpoint$SocketProcessor.doRun(NioEndpoint.java:1740) ~[tomcat-embed-core-10.1.40.jar:10.1.40]
	at org.apache.tomcat.util.net.SocketProcessorBase.run(SocketProcessorBase.java:52) ~[tomcat-embed-core-10.1.40.jar:10.1.40]
	at org.apache.tomcat.util.threads.ThreadPoolExecutor.runWorker(ThreadPoolExecutor.java:1189) ~[tomcat-embed-core-10.1.40.jar:10.1.40]
	at org.apache.tomcat.util.threads.ThreadPoolExecutor$Worker.run(ThreadPoolExecutor.java:658) ~[tomcat-embed-core-10.1.40.jar:10.1.40]
	at org.apache.tomcat.util.threads.TaskThread$WrappingRunnable.run(TaskThread.java:63) ~[tomcat-embed-core-10.1.40.jar:10.1.40]
	at java.base/java.lang.Thread.run(Thread.java:1583) ~[na:na]

2025-05-10T19:58:18.590+05:30  INFO 40020 --- [HotelBookingService] [AsyncResolver-bootstrap-executor-%d] c.n.d.s.r.aws.ConfigClusterResolver      : Resolving eureka endpoints via configuration
2025-05-10T20:03:18.592+05:30  INFO 40020 --- [HotelBookingService] [AsyncResolver-bootstrap-executor-%d] c.n.d.s.r.aws.ConfigClusterResolver      : Resolving eureka endpoints via configuration
2025-05-10T20:08:18.599+05:30  INFO 40020 --- [HotelBookingService] [AsyncResolver-bootstrap-executor-%d] c.n.d.s.r.aws.ConfigClusterResolver      : Resolving eureka endpoints via configuration
2025-05-10T20:13:18.611+05:30  INFO 40020 --- [HotelBookingService] [AsyncResolver-bootstrap-executor-%d] c.n.d.s.r.aws.ConfigClusterResolver      : Resolving eureka endpoints via configuration
2025-05-10T20:18:18.624+05:30  INFO 40020 --- [HotelBookingService] [AsyncResolver-bootstrap-executor-%d] c.n.d.s.r.aws.ConfigClusterResolver      : Resolving eureka endpoints via configuration
2025-05-10T20:23:18.626+05:30  INFO 40020 --- [HotelBookingService] [AsyncResolver-bootstrap-executor-%d] c.n.d.s.r.aws.ConfigClusterResolver      : Resolving eureka endpoints via configuration
2025-05-10T20:28:18.632+05:30  INFO 40020 --- [HotelBookingService] [AsyncResolver-bootstrap-executor-%d] c.n.d.s.r.aws.ConfigClusterResolver      : Resolving eureka endpoints via configuration
2025-05-10T21:28:24.210+05:30  WARN 40020 --- [HotelBookingService] [HikariPool-8 housekeeper] com.zaxxer.hikari.pool.HikariPool        : HikariPool-8 - Thread starvation or clock leap detected (housekeeper delta=57m35s377ms69µs500ns).
2025-05-10T21:30:24.012+05:30  INFO 40020 --- [HotelBookingService] [AsyncResolver-bootstrap-executor-%d] c.n.d.s.r.aws.ConfigClusterResolver      : Resolving eureka endpoints via configuration
2025-05-10T21:35:24.026+05:30  INFO 40020 --- [HotelBookingService] [AsyncResolver-bootstrap-executor-%d] c.n.d.s.r.aws.ConfigClusterResolver      : Resolving eureka endpoints via configuration
2025-05-10T21:40:24.040+05:30  INFO 40020 --- [HotelBookingService] [AsyncResolver-bootstrap-executor-%d] c.n.d.s.r.aws.ConfigClusterResolver      : Resolving eureka endpoints via configuration
2025-05-10T21:45:24.054+05:30  INFO 40020 --- [HotelBookingService] [AsyncResolver-bootstrap-executor-%d] c.n.d.s.r.aws.ConfigClusterResolver      : Resolving eureka endpoints via configuration
2025-05-10T21:50:24.066+05:30  INFO 40020 --- [HotelBookingService] [AsyncResolver-bootstrap-executor-%d] c.n.d.s.r.aws.ConfigClusterResolver      : Resolving eureka endpoints via configuration
2025-05-10T21:55:24.071+05:30  INFO 40020 --- [HotelBookingService] [AsyncResolver-bootstrap-executor-%d] c.n.d.s.r.aws.ConfigClusterResolver      : Resolving eureka endpoints via configuration
2025-05-10T22:00:24.074+05:30  INFO 40020 --- [HotelBookingService] [AsyncResolver-bootstrap-executor-%d] c.n.d.s.r.aws.ConfigClusterResolver      : Resolving eureka endpoints via configuration
2025-05-10T22:05:24.081+05:30  INFO 40020 --- [HotelBookingService] [AsyncResolver-bootstrap-executor-%d] c.n.d.s.r.aws.ConfigClusterResolver      : Resolving eureka endpoints via configuration
2025-05-10T22:10:24.099+05:30  INFO 40020 --- [HotelBookingService] [AsyncResolver-bootstrap-executor-%d] c.n.d.s.r.aws.ConfigClusterResolver      : Resolving eureka endpoints via configuration
2025-05-10T22:15:24.102+05:30  INFO 40020 --- [HotelBookingService] [AsyncResolver-bootstrap-executor-%d] c.n.d.s.r.aws.ConfigClusterResolver      : Resolving eureka endpoints via configuration
2025-05-10T22:20:24.127+05:30  INFO 40020 --- [HotelBookingService] [AsyncResolver-bootstrap-executor-%d] c.n.d.s.r.aws.ConfigClusterResolver      : Resolving eureka endpoints via configuration
2025-05-10T22:25:24.128+05:30  INFO 40020 --- [HotelBookingService] [AsyncResolver-bootstrap-executor-%d] c.n.d.s.r.aws.ConfigClusterResolver      : Resolving eureka endpoints via configuration
2025-05-10T22:30:24.134+05:30  INFO 40020 --- [HotelBookingService] [AsyncResolver-bootstrap-executor-%d] c.n.d.s.r.aws.ConfigClusterResolver      : Resolving eureka endpoints via configuration
2025-05-10T22:35:24.148+05:30  INFO 40020 --- [HotelBookingService] [AsyncResolver-bootstrap-executor-%d] c.n.d.s.r.aws.ConfigClusterResolver      : Resolving eureka endpoints via configuration
2025-05-10T22:40:24.149+05:30  INFO 40020 --- [HotelBookingService] [AsyncResolver-bootstrap-executor-%d] c.n.d.s.r.aws.ConfigClusterResolver      : Resolving eureka endpoints via configuration
2025-05-10T22:45:24.160+05:30  INFO 40020 --- [HotelBookingService] [AsyncResolver-bootstrap-executor-%d] c.n.d.s.r.aws.ConfigClusterResolver      : Resolving eureka endpoints via configuration
2025-05-10T22:50:24.233+05:30  INFO 40020 --- [HotelBookingService] [AsyncResolver-bootstrap-executor-%d] c.n.d.s.r.aws.ConfigClusterResolver      : Resolving eureka endpoints via configuration
