2025-05-15T03:52:36.579+05:30  WARN 11628 --- [HotelRoomManagementService] [HikariPool-1 housekeeper] com.zaxxer.hikari.pool.HikariPool        : HikariPool-1 - Thread starvation or clock leap detected (housekeeper delta=5h30m18s77ms219µs800ns).
2025-05-15T08:24:56.490+05:30  WARN 11628 --- [HotelRoomManagementService] [HikariPool-1 housekeeper] com.zaxxer.hikari.pool.HikariPool        : HikariPool-1 - Thread starvation or clock leap detected (housekeeper delta=4h32m24s340ms256µs500ns).
2025-05-15T08:27:56.573+05:30  INFO 11628 --- [HotelRoomManagementService] [AsyncResolver-bootstrap-executor-%d] c.n.d.s.r.aws.ConfigClusterResolver      : Resolving eureka endpoints via configuration
2025-05-15T08:32:56.581+05:30  INFO 11628 --- [HotelRoomManagementService] [AsyncResolver-bootstrap-executor-%d] c.n.d.s.r.aws.ConfigClusterResolver      : Resolving eureka endpoints via configuration
2025-05-15T08:37:56.591+05:30  INFO 11628 --- [HotelRoomManagementService] [AsyncResolver-bootstrap-executor-%d] c.n.d.s.r.aws.ConfigClusterResolver      : Resolving eureka endpoints via configuration
2025-05-15T08:42:56.601+05:30  INFO 11628 --- [HotelRoomManagementService] [AsyncResolver-bootstrap-executor-%d] c.n.d.s.r.aws.ConfigClusterResolver      : Resolving eureka endpoints via configuration
2025-05-15T08:47:56.615+05:30  INFO 11628 --- [HotelRoomManagementService] [AsyncResolver-bootstrap-executor-%d] c.n.d.s.r.aws.ConfigClusterResolver      : Resolving eureka endpoints via configuration
2025-05-15T08:52:56.626+05:30  INFO 11628 --- [HotelRoomManagementService] [AsyncResolver-bootstrap-executor-%d] c.n.d.s.r.aws.ConfigClusterResolver      : Resolving eureka endpoints via configuration
2025-05-15T08:57:56.637+05:30  INFO 11628 --- [HotelRoomManagementService] [AsyncResolver-bootstrap-executor-%d] c.n.d.s.r.aws.ConfigClusterResolver      : Resolving eureka endpoints via configuration
2025-05-15T09:02:56.650+05:30  INFO 11628 --- [HotelRoomManagementService] [AsyncResolver-bootstrap-executor-%d] c.n.d.s.r.aws.ConfigClusterResolver      : Resolving eureka endpoints via configuration
2025-05-15T09:10:19.371+05:30  WARN 11628 --- [HotelRoomManagementService] [HikariPool-1 housekeeper] com.zaxxer.hikari.pool.HikariPool        : HikariPool-1 - Thread starvation or clock leap detected (housekeeper delta=5m22s224ms352µs100ns).
2025-05-15T09:12:48.879+05:30  INFO 11628 --- [HotelRoomManagementService] [AsyncResolver-bootstrap-executor-%d] c.n.d.s.r.aws.ConfigClusterResolver      : Resolving eureka endpoints via configuration
2025-05-15T09:17:40.973+05:30  INFO 11628 --- [HotelRoomManagementService] [File Watcher] rtingClassPathChangeChangedEventListener : Restarting due to 1 class path change (0 additions, 0 deletions, 1 modification)
2025-05-15T09:17:41.038+05:30  INFO 11628 --- [HotelRoomManagementService] [Thread-1] o.s.c.n.e.s.EurekaServiceRegistry        : Unregistering application HOTELROOMMANAGEMENTSERVICE with eureka with status DOWN
2025-05-15T09:17:41.040+05:30  INFO 11628 --- [HotelRoomManagementService] [Thread-1] com.netflix.discovery.DiscoveryClient    : Saw local status change event StatusChangeEvent [timestamp=1747280861040, current=DOWN, previous=UP]
2025-05-15T09:17:41.044+05:30  INFO 11628 --- [HotelRoomManagementService] [DiscoveryClient-InstanceInfoReplicator-%d] com.netflix.discovery.DiscoveryClient    : DiscoveryClient_HOTELROOMMANAGEMENTSERVICE/LTIN604034.cts.com:HotelRoomManagementService:8082: registering service...
2025-05-15T09:17:41.117+05:30  INFO 11628 --- [HotelRoomManagementService] [DiscoveryClient-InstanceInfoReplicator-%d] com.netflix.discovery.DiscoveryClient    : DiscoveryClient_HOTELROOMMANAGEMENTSERVICE/LTIN604034.cts.com:HotelRoomManagementService:8082 - registration status: 204
2025-05-15T09:17:41.133+05:30  INFO 11628 --- [HotelRoomManagementService] [Thread-1] o.s.b.w.e.tomcat.GracefulShutdown        : Commencing graceful shutdown. Waiting for active requests to complete
2025-05-15T09:17:41.168+05:30  INFO 11628 --- [HotelRoomManagementService] [tomcat-shutdown] o.s.b.w.e.tomcat.GracefulShutdown        : Graceful shutdown complete
2025-05-15T09:17:41.231+05:30  INFO 11628 --- [HotelRoomManagementService] [Thread-1] j.LocalContainerEntityManagerFactoryBean : Closing JPA EntityManagerFactory for persistence unit 'default'
2025-05-15T09:17:41.316+05:30  INFO 11628 --- [HotelRoomManagementService] [Thread-1] com.zaxxer.hikari.HikariDataSource       : HikariPool-1 - Shutdown initiated...
2025-05-15T09:17:41.334+05:30  INFO 11628 --- [HotelRoomManagementService] [Thread-1] com.zaxxer.hikari.HikariDataSource       : HikariPool-1 - Shutdown completed.
2025-05-15T09:17:41.337+05:30  INFO 11628 --- [HotelRoomManagementService] [Thread-1] com.netflix.discovery.DiscoveryClient    : Shutting down DiscoveryClient ...
2025-05-15T09:17:44.341+05:30  INFO 11628 --- [HotelRoomManagementService] [Thread-1] com.netflix.discovery.DiscoveryClient    : Unregistering ...
2025-05-15T09:17:44.371+05:30  INFO 11628 --- [HotelRoomManagementService] [Thread-1] com.netflix.discovery.DiscoveryClient    : DiscoveryClient_HOTELROOMMANAGEMENTSERVICE/LTIN604034.cts.com:HotelRoomManagementService:8082 - deregister  status: 200
2025-05-15T09:17:44.372+05:30  INFO 11628 --- [HotelRoomManagementService] [Thread-1] com.netflix.discovery.DiscoveryClient    : Completed shut down of DiscoveryClient
2025-05-15T09:17:47.925+05:30  INFO 11628 --- [HotelRoomManagementService] [restartedMain] .h.HotelRoomManagementServiceApplication : Starting HotelRoomManagementServiceApplication using Java 21.0.6 with PID 11628 (C:\Users\2401063\git\shbs\HotelRoomManagementService\target\classes started by 2401063 in C:\Users\2401063\git\shbs\HotelRoomManagementService)
2025-05-15T09:17:47.926+05:30  INFO 11628 --- [HotelRoomManagementService] [restartedMain] .h.HotelRoomManagementServiceApplication : No active profile set, falling back to 1 default profile: "default"
2025-05-15T09:17:47.933+05:30  INFO 11628 --- [HotelRoomManagementService] [restartedMain] o.s.c.c.c.ConfigServerConfigDataLoader   : Fetching config from server at : http://localhost:8888
2025-05-15T09:17:47.934+05:30  INFO 11628 --- [HotelRoomManagementService] [restartedMain] o.s.c.c.c.ConfigServerConfigDataLoader   : Located environment: name=HotelRoomManagementService, profiles=[default], label=null, version=1e010d799c56a557590d147f0ffc5cbb104507f3, state=
2025-05-15T09:17:48.404+05:30  INFO 11628 --- [HotelRoomManagementService] [restartedMain] .s.d.r.c.RepositoryConfigurationDelegate : Bootstrapping Spring Data JPA repositories in DEFAULT mode.
2025-05-15T09:17:48.423+05:30  INFO 11628 --- [HotelRoomManagementService] [restartedMain] .s.d.r.c.RepositoryConfigurationDelegate : Finished Spring Data repository scanning in 16 ms. Found 1 JPA repository interface.
2025-05-15T09:17:48.565+05:30  INFO 11628 --- [HotelRoomManagementService] [restartedMain] o.s.cloud.context.scope.GenericScope     : BeanFactory id=4a0448f1-24ac-3724-b840-544526ac479c
2025-05-15T09:17:48.754+05:30  INFO 11628 --- [HotelRoomManagementService] [restartedMain] o.s.b.w.embedded.tomcat.TomcatWebServer  : Tomcat initialized with port 8082 (http)
2025-05-15T09:17:48.756+05:30  INFO 11628 --- [HotelRoomManagementService] [restartedMain] o.apache.catalina.core.StandardService   : Starting service [Tomcat]
2025-05-15T09:17:48.756+05:30  INFO 11628 --- [HotelRoomManagementService] [restartedMain] o.apache.catalina.core.StandardEngine    : Starting Servlet engine: [Apache Tomcat/10.1.40]
2025-05-15T09:17:48.812+05:30  INFO 11628 --- [HotelRoomManagementService] [restartedMain] o.a.c.c.C.[Tomcat].[localhost].[/]       : Initializing Spring embedded WebApplicationContext
2025-05-15T09:17:48.812+05:30  INFO 11628 --- [HotelRoomManagementService] [restartedMain] w.s.c.ServletWebServerApplicationContext : Root WebApplicationContext: initialization completed in 878 ms
2025-05-15T09:17:48.854+05:30  INFO 11628 --- [HotelRoomManagementService] [restartedMain] o.hibernate.jpa.internal.util.LogHelper  : HHH000204: Processing PersistenceUnitInfo [name: default]
2025-05-15T09:17:48.857+05:30  INFO 11628 --- [HotelRoomManagementService] [restartedMain] o.h.c.internal.RegionFactoryInitiator    : HHH000026: Second-level cache disabled
2025-05-15T09:17:48.877+05:30  INFO 11628 --- [HotelRoomManagementService] [restartedMain] o.s.o.j.p.SpringPersistenceUnitInfo      : No LoadTimeWeaver setup: ignoring JPA class transformer
2025-05-15T09:17:48.878+05:30  INFO 11628 --- [HotelRoomManagementService] [restartedMain] com.zaxxer.hikari.HikariDataSource       : HikariPool-2 - Starting...
2025-05-15T09:17:48.891+05:30  INFO 11628 --- [HotelRoomManagementService] [restartedMain] com.zaxxer.hikari.pool.HikariPool        : HikariPool-2 - Added connection com.mysql.cj.jdbc.ConnectionImpl@54813e0f
2025-05-15T09:17:48.891+05:30  INFO 11628 --- [HotelRoomManagementService] [restartedMain] com.zaxxer.hikari.HikariDataSource       : HikariPool-2 - Start completed.
2025-05-15T09:17:48.894+05:30  WARN 11628 --- [HotelRoomManagementService] [restartedMain] org.hibernate.orm.deprecation            : HHH90000025: MySQLDialect does not need to be specified explicitly using 'hibernate.dialect' (remove the property setting and it will be selected by default)
2025-05-15T09:17:48.895+05:30  INFO 11628 --- [HotelRoomManagementService] [restartedMain] org.hibernate.orm.connections.pooling    : HHH10001005: Database info:
	Database JDBC URL [Connecting through datasource 'HikariDataSource (HikariPool-2)']
	Database driver: undefined/unknown
	Database version: 8.0.41
	Autocommit mode: undefined/unknown
	Isolation level: undefined/unknown
	Minimum pool size: undefined/unknown
	Maximum pool size: undefined/unknown
2025-05-15T09:17:48.966+05:30  INFO 11628 --- [HotelRoomManagementService] [restartedMain] o.h.e.t.j.p.i.JtaPlatformInitiator       : HHH000489: No JTA platform available (set 'hibernate.transaction.jta.platform' to enable JTA platform integration)
2025-05-15T09:17:48.990+05:30  INFO 11628 --- [HotelRoomManagementService] [restartedMain] j.LocalContainerEntityManagerFactoryBean : Initialized JPA EntityManagerFactory for persistence unit 'default'
2025-05-15T09:17:49.096+05:30  WARN 11628 --- [HotelRoomManagementService] [restartedMain] JpaBaseConfiguration$JpaWebConfiguration : spring.jpa.open-in-view is enabled by default. Therefore, database queries may be performed during view rendering. Explicitly configure spring.jpa.open-in-view to disable this warning
2025-05-15T09:17:49.126+05:30  WARN 11628 --- [HotelRoomManagementService] [restartedMain] o.s.b.d.a.OptionalLiveReloadServer       : Unable to start LiveReload server
2025-05-15T09:17:49.182+05:30  INFO 11628 --- [HotelRoomManagementService] [restartedMain] o.s.c.openfeign.FeignClientFactoryBean   : For 'ROOMSERVICE' URL not provided. Will try picking an instance via load-balancing.
2025-05-15T09:17:49.367+05:30  INFO 11628 --- [HotelRoomManagementService] [restartedMain] DiscoveryClientOptionalArgsConfiguration : Eureka HTTP Client uses RestTemplate.
2025-05-15T09:17:49.377+05:30  WARN 11628 --- [HotelRoomManagementService] [restartedMain] iguration$LoadBalancerCaffeineWarnLogger : Spring Cloud LoadBalancer is currently working with the default cache. While this cache implementation is useful for development and tests, it's recommended to use Caffeine cache in production.You can switch to using Caffeine cache, by adding it and org.springframework.cache.caffeine.CaffeineCacheManager to the classpath.
2025-05-15T09:17:49.406+05:30  INFO 11628 --- [HotelRoomManagementService] [restartedMain] o.s.c.n.eureka.InstanceInfoFactory       : Setting initial instance status as: STARTING
2025-05-15T09:17:49.411+05:30  INFO 11628 --- [HotelRoomManagementService] [restartedMain] com.netflix.discovery.DiscoveryClient    : Initializing Eureka in region us-east-1
2025-05-15T09:17:49.411+05:30  INFO 11628 --- [HotelRoomManagementService] [restartedMain] c.n.d.s.r.aws.ConfigClusterResolver      : Resolving eureka endpoints via configuration
2025-05-15T09:17:49.411+05:30  INFO 11628 --- [HotelRoomManagementService] [restartedMain] com.netflix.discovery.DiscoveryClient    : Disable delta property : false
2025-05-15T09:17:49.411+05:30  INFO 11628 --- [HotelRoomManagementService] [restartedMain] com.netflix.discovery.DiscoveryClient    : Single vip registry refresh property : null
2025-05-15T09:17:49.412+05:30  INFO 11628 --- [HotelRoomManagementService] [restartedMain] com.netflix.discovery.DiscoveryClient    : Force full registry fetch : false
2025-05-15T09:17:49.412+05:30  INFO 11628 --- [HotelRoomManagementService] [restartedMain] com.netflix.discovery.DiscoveryClient    : Application is null : false
2025-05-15T09:17:49.412+05:30  INFO 11628 --- [HotelRoomManagementService] [restartedMain] com.netflix.discovery.DiscoveryClient    : Registered Applications size is zero : true
2025-05-15T09:17:49.412+05:30  INFO 11628 --- [HotelRoomManagementService] [restartedMain] com.netflix.discovery.DiscoveryClient    : Application version is -1: true
2025-05-15T09:17:49.412+05:30  INFO 11628 --- [HotelRoomManagementService] [restartedMain] com.netflix.discovery.DiscoveryClient    : Getting all instance registry info from the eureka server
2025-05-15T09:17:49.441+05:30  INFO 11628 --- [HotelRoomManagementService] [restartedMain] com.netflix.discovery.DiscoveryClient    : The response status is 200
2025-05-15T09:17:49.442+05:30  INFO 11628 --- [HotelRoomManagementService] [restartedMain] com.netflix.discovery.DiscoveryClient    : Starting heartbeat executor: renew interval is: 30
2025-05-15T09:17:49.442+05:30  INFO 11628 --- [HotelRoomManagementService] [restartedMain] c.n.discovery.InstanceInfoReplicator     : InstanceInfoReplicator onDemand update allowed rate per min is 4
2025-05-15T09:17:49.442+05:30  INFO 11628 --- [HotelRoomManagementService] [restartedMain] com.netflix.discovery.DiscoveryClient    : Discovery Client initialized at timestamp 1747280869442 with initial instances count: 8
2025-05-15T09:17:49.444+05:30  INFO 11628 --- [HotelRoomManagementService] [restartedMain] o.s.c.n.e.s.EurekaServiceRegistry        : Registering application HOTELROOMMANAGEMENTSERVICE with eureka with status UP
2025-05-15T09:17:49.445+05:30  INFO 11628 --- [HotelRoomManagementService] [restartedMain] com.netflix.discovery.DiscoveryClient    : Saw local status change event StatusChangeEvent [timestamp=1747280869445, current=UP, previous=STARTING]
2025-05-15T09:17:49.445+05:30  INFO 11628 --- [HotelRoomManagementService] [DiscoveryClient-InstanceInfoReplicator-%d] com.netflix.discovery.DiscoveryClient    : DiscoveryClient_HOTELROOMMANAGEMENTSERVICE/LTIN604034.cts.com:HotelRoomManagementService:8082: registering service...
2025-05-15T09:17:49.449+05:30  INFO 11628 --- [HotelRoomManagementService] [restartedMain] o.s.b.w.embedded.tomcat.TomcatWebServer  : Tomcat started on port 8082 (http) with context path '/'
2025-05-15T09:17:49.450+05:30  INFO 11628 --- [HotelRoomManagementService] [restartedMain] .s.c.n.e.s.EurekaAutoServiceRegistration : Updating port to 8082
2025-05-15T09:17:49.459+05:30  INFO 11628 --- [HotelRoomManagementService] [DiscoveryClient-InstanceInfoReplicator-%d] com.netflix.discovery.DiscoveryClient    : DiscoveryClient_HOTELROOMMANAGEMENTSERVICE/LTIN604034.cts.com:HotelRoomManagementService:8082 - registration status: 204
2025-05-15T09:17:49.463+05:30  INFO 11628 --- [HotelRoomManagementService] [restartedMain] .h.HotelRoomManagementServiceApplication : Started HotelRoomManagementServiceApplication in 3.146 seconds (process running for 63028.751)
2025-05-15T09:17:49.466+05:30  INFO 11628 --- [HotelRoomManagementService] [restartedMain] .ConditionEvaluationDeltaLoggingListener : Condition evaluation unchanged
2025-05-15T09:22:49.424+05:30  INFO 11628 --- [HotelRoomManagementService] [AsyncResolver-bootstrap-executor-%d] c.n.d.s.r.aws.ConfigClusterResolver      : Resolving eureka endpoints via configuration
2025-05-15T09:27:49.473+05:30  INFO 11628 --- [HotelRoomManagementService] [AsyncResolver-bootstrap-executor-%d] c.n.d.s.r.aws.ConfigClusterResolver      : Resolving eureka endpoints via configuration
2025-05-15T09:32:49.564+05:30  INFO 11628 --- [HotelRoomManagementService] [AsyncResolver-bootstrap-executor-%d] c.n.d.s.r.aws.ConfigClusterResolver      : Resolving eureka endpoints via configuration
2025-05-15T09:37:49.570+05:30  INFO 11628 --- [HotelRoomManagementService] [AsyncResolver-bootstrap-executor-%d] c.n.d.s.r.aws.ConfigClusterResolver      : Resolving eureka endpoints via configuration
2025-05-15T09:42:49.581+05:30  INFO 11628 --- [HotelRoomManagementService] [AsyncResolver-bootstrap-executor-%d] c.n.d.s.r.aws.ConfigClusterResolver      : Resolving eureka endpoints via configuration
2025-05-15T09:47:49.591+05:30  INFO 11628 --- [HotelRoomManagementService] [AsyncResolver-bootstrap-executor-%d] c.n.d.s.r.aws.ConfigClusterResolver      : Resolving eureka endpoints via configuration
2025-05-15T09:52:49.605+05:30  INFO 11628 --- [HotelRoomManagementService] [AsyncResolver-bootstrap-executor-%d] c.n.d.s.r.aws.ConfigClusterResolver      : Resolving eureka endpoints via configuration
2025-05-15T09:57:49.825+05:30  INFO 11628 --- [HotelRoomManagementService] [AsyncResolver-bootstrap-executor-%d] c.n.d.s.r.aws.ConfigClusterResolver      : Resolving eureka endpoints via configuration
2025-05-15T10:02:49.997+05:30  INFO 11628 --- [HotelRoomManagementService] [AsyncResolver-bootstrap-executor-%d] c.n.d.s.r.aws.ConfigClusterResolver      : Resolving eureka endpoints via configuration
2025-05-15T10:07:50.011+05:30  INFO 11628 --- [HotelRoomManagementService] [AsyncResolver-bootstrap-executor-%d] c.n.d.s.r.aws.ConfigClusterResolver      : Resolving eureka endpoints via configuration
2025-05-15T10:12:50.020+05:30  INFO 11628 --- [HotelRoomManagementService] [AsyncResolver-bootstrap-executor-%d] c.n.d.s.r.aws.ConfigClusterResolver      : Resolving eureka endpoints via configuration
2025-05-15T10:17:50.026+05:30  INFO 11628 --- [HotelRoomManagementService] [AsyncResolver-bootstrap-executor-%d] c.n.d.s.r.aws.ConfigClusterResolver      : Resolving eureka endpoints via configuration
2025-05-15T10:22:50.036+05:30  INFO 11628 --- [HotelRoomManagementService] [AsyncResolver-bootstrap-executor-%d] c.n.d.s.r.aws.ConfigClusterResolver      : Resolving eureka endpoints via configuration
2025-05-15T10:27:50.044+05:30  INFO 11628 --- [HotelRoomManagementService] [AsyncResolver-bootstrap-executor-%d] c.n.d.s.r.aws.ConfigClusterResolver      : Resolving eureka endpoints via configuration
2025-05-15T10:32:50.055+05:30  INFO 11628 --- [HotelRoomManagementService] [AsyncResolver-bootstrap-executor-%d] c.n.d.s.r.aws.ConfigClusterResolver      : Resolving eureka endpoints via configuration
2025-05-15T10:45:36.407+05:30  WARN 11628 --- [HotelRoomManagementService] [HikariPool-2 housekeeper] com.zaxxer.hikari.pool.HikariPool        : HikariPool-2 - Thread starvation or clock leap detected (housekeeper delta=9m12s697ms180µs601ns).
2025-05-15T10:46:33.607+05:30  INFO 11628 --- [HotelRoomManagementService] [AsyncResolver-bootstrap-executor-%d] c.n.d.s.r.aws.ConfigClusterResolver      : Resolving eureka endpoints via configuration
2025-05-15T10:47:58.095+05:30  INFO 11628 --- [HotelRoomManagementService] [http-nio-8082-exec-6] o.a.c.c.C.[Tomcat].[localhost].[/]       : Initializing Spring DispatcherServlet 'dispatcherServlet'
2025-05-15T10:47:58.097+05:30  INFO 11628 --- [HotelRoomManagementService] [http-nio-8082-exec-6] o.s.web.servlet.DispatcherServlet        : Initializing Servlet 'dispatcherServlet'
2025-05-15T10:47:58.130+05:30  INFO 11628 --- [HotelRoomManagementService] [http-nio-8082-exec-6] o.s.web.servlet.DispatcherServlet        : Completed initialization in 33 ms
2025-05-15T10:47:58.241+05:30  INFO 11628 --- [HotelRoomManagementService] [http-nio-8082-exec-6] com.hotel.service.HotelServiceImpl       : In HotelServiceImpl saveHotel method...
2025-05-15T10:51:33.613+05:30  INFO 11628 --- [HotelRoomManagementService] [AsyncResolver-bootstrap-executor-%d] c.n.d.s.r.aws.ConfigClusterResolver      : Resolving eureka endpoints via configuration
2025-05-15T10:52:23.720+05:30  INFO 11628 --- [HotelRoomManagementService] [http-nio-8082-exec-9] com.hotel.service.HotelServiceImpl       : In HotelServiceImpl updateHotel method...
2025-05-15T10:56:33.621+05:30  INFO 11628 --- [HotelRoomManagementService] [AsyncResolver-bootstrap-executor-%d] c.n.d.s.r.aws.ConfigClusterResolver      : Resolving eureka endpoints via configuration
2025-05-15T11:01:33.647+05:30  INFO 11628 --- [HotelRoomManagementService] [AsyncResolver-bootstrap-executor-%d] c.n.d.s.r.aws.ConfigClusterResolver      : Resolving eureka endpoints via configuration
2025-05-15T11:06:33.660+05:30  INFO 11628 --- [HotelRoomManagementService] [AsyncResolver-bootstrap-executor-%d] c.n.d.s.r.aws.ConfigClusterResolver      : Resolving eureka endpoints via configuration
2025-05-15T11:11:33.663+05:30  INFO 11628 --- [HotelRoomManagementService] [AsyncResolver-bootstrap-executor-%d] c.n.d.s.r.aws.ConfigClusterResolver      : Resolving eureka endpoints via configuration
2025-05-15T11:16:33.671+05:30  INFO 11628 --- [HotelRoomManagementService] [AsyncResolver-bootstrap-executor-%d] c.n.d.s.r.aws.ConfigClusterResolver      : Resolving eureka endpoints via configuration
2025-05-15T11:21:33.692+05:30  INFO 11628 --- [HotelRoomManagementService] [AsyncResolver-bootstrap-executor-%d] c.n.d.s.r.aws.ConfigClusterResolver      : Resolving eureka endpoints via configuration
2025-05-15T11:26:33.702+05:30  INFO 11628 --- [HotelRoomManagementService] [AsyncResolver-bootstrap-executor-%d] c.n.d.s.r.aws.ConfigClusterResolver      : Resolving eureka endpoints via configuration
2025-05-15T11:31:33.706+05:30  INFO 11628 --- [HotelRoomManagementService] [AsyncResolver-bootstrap-executor-%d] c.n.d.s.r.aws.ConfigClusterResolver      : Resolving eureka endpoints via configuration
2025-05-15T11:36:33.717+05:30  INFO 11628 --- [HotelRoomManagementService] [AsyncResolver-bootstrap-executor-%d] c.n.d.s.r.aws.ConfigClusterResolver      : Resolving eureka endpoints via configuration
2025-05-15T11:41:33.725+05:30  INFO 11628 --- [HotelRoomManagementService] [AsyncResolver-bootstrap-executor-%d] c.n.d.s.r.aws.ConfigClusterResolver      : Resolving eureka endpoints via configuration
2025-05-15T11:46:33.746+05:30  INFO 11628 --- [HotelRoomManagementService] [AsyncResolver-bootstrap-executor-%d] c.n.d.s.r.aws.ConfigClusterResolver      : Resolving eureka endpoints via configuration
2025-05-15T12:02:58.658+05:30  WARN 11628 --- [HotelRoomManagementService] [HikariPool-2 housekeeper] com.zaxxer.hikari.pool.HikariPool        : HikariPool-2 - Thread starvation or clock leap detected (housekeeper delta=13m21s301ms35µs301ns).
2025-05-15T12:04:25.349+05:30  INFO 11628 --- [HotelRoomManagementService] [AsyncResolver-bootstrap-executor-%d] c.n.d.s.r.aws.ConfigClusterResolver      : Resolving eureka endpoints via configuration
2025-05-15T12:08:44.276+05:30  INFO 11628 --- [HotelRoomManagementService] [http-nio-8082-exec-10] o.apache.coyote.http11.Http11Processor   : Error parsing HTTP request header
 Note: further occurrences of HTTP request parsing errors will be logged at DEBUG level.

java.lang.IllegalArgumentException: Invalid character found in method name [0x160x030x030x010xf40x010x000x010xf00x030x036zM~0xa40x17k90xe30xd30xd20xc90xdf0xf570xdf0xef<@W0x9eZ\l0x8a0xa90xa7GM0xff0x1a0xc90x000x01|0x000x000x000x010x000x020x000x030x000x040x000x050x000x060x000x070x000x080x000x090x000x0a0x000x0b0x000x0c0x000x0d0x000x0e0x000x0f0x000x100x000x110x000x120x000x130x000x140x000x150x000x160x000x170x000x180x000x190x000x1a0x000x1b0x00/0x0000x0010x0020x0030x0040x0050x0060x0070x0080x0090x00:0x00;0x00<0x00=0x00>0x00?0x00@0x00A0x00B0x00C0x00D0x00E0x00F0x00g0x00h0x00i0x00j0x00k0x00l0x00m0x000x840x000x850x000x860x000x870x000x880x000x890x000x960x000x970x000x980x000x990x000x9a0x000x9b0x000x9c0x000x9d0x000x9e0x000x9f0x000xa00x000xa10x000xa20x000xa30x000xa40x000xa50x000xa60x000xa70x000xba0x000xbb0x000xbc0x000xbd0x000xbe0x000xbf0x000xc00x000xc10x000xc20x000xc30x000xc40x000xc50x130x010x130x020x130x030x130x040x130x050xc00x010xc00x020xc00x030xc00x040xc00x050xc00x060xc00x070xc00x080xc00x090xc00x0a0xc00x0b0xc00x0c0xc00x0d0xc00x0e0xc00x0f0xc00x100xc00x110xc00x120xc00x130xc00x140xc00x150xc00x160xc00x170xc00x180xc00x190xc0#0xc0$0xc0%0xc0&0xc0'0xc0(0xc0)0xc0*0xc0+0xc0,0xc0-0xc0.0xc0/0xc000xc010xc020xc0r0xc0s0xc0t0xc0u0xc0v0xc0w0xc0x0xc0y0xc0z0xc0{0xc0|0xc0}0xc0~0xc00x7f0xc00x800xc00x810xc00x820xc00x830xc00x840xc00x850xc00x860xc00x870xc00x880xc00x890xc00x8a0xc00x8b0xc00x8c0xc00x8d0xc00x8e0xc00x8f0xc00x900xc00x910xc00x920xc00x930xc00x940xc00x950xc00x960xc00x970xc00x980xc00x990xc00x9a0xc00x9b0xcc0xa80xcc0xa90xcc0xaa0xcc0xab0xcc0xac0xcc0xad0xcc0xae0x020x000x010x00J0x000x0a0x000x0a0x000x080x000x170x000x190x000x180x000x160x000x0b0x000x040x030x000x010x020x000x0d0x0000x00.0x040x030x050x030x060x030x080x070x080x080x080x1a0x080x1b0x080x1c0x080x090x080x0a0x080x0b0x080x040x080x050x080x060x040x010x050x010x060x010x030x030x030x010x030x020x040x020x050x020x060x02...]. HTTP method names must be tokens
	at org.apache.coyote.http11.Http11InputBuffer.parseRequestLine(Http11InputBuffer.java:403) ~[tomcat-embed-core-10.1.40.jar:10.1.40]
	at org.apache.coyote.http11.Http11Processor.service(Http11Processor.java:271) ~[tomcat-embed-core-10.1.40.jar:10.1.40]
	at org.apache.coyote.AbstractProcessorLight.process(AbstractProcessorLight.java:63) ~[tomcat-embed-core-10.1.40.jar:10.1.40]
	at org.apache.coyote.AbstractProtocol$ConnectionHandler.process(AbstractProtocol.java:903) ~[tomcat-embed-core-10.1.40.jar:10.1.40]
	at org.apache.tomcat.util.net.NioEndpoint$SocketProcessor.doRun(NioEndpoint.java:1740) ~[tomcat-embed-core-10.1.40.jar:10.1.40]
	at org.apache.tomcat.util.net.SocketProcessorBase.run(SocketProcessorBase.java:52) ~[tomcat-embed-core-10.1.40.jar:10.1.40]
	at org.apache.tomcat.util.threads.ThreadPoolExecutor.runWorker(ThreadPoolExecutor.java:1189) ~[tomcat-embed-core-10.1.40.jar:10.1.40]
	at org.apache.tomcat.util.threads.ThreadPoolExecutor$Worker.run(ThreadPoolExecutor.java:658) ~[tomcat-embed-core-10.1.40.jar:10.1.40]
	at org.apache.tomcat.util.threads.TaskThread$WrappingRunnable.run(TaskThread.java:63) ~[tomcat-embed-core-10.1.40.jar:10.1.40]
	at java.base/java.lang.Thread.run(Thread.java:1583) ~[na:na]

2025-05-15T12:09:25.365+05:30  INFO 11628 --- [HotelRoomManagementService] [AsyncResolver-bootstrap-executor-%d] c.n.d.s.r.aws.ConfigClusterResolver      : Resolving eureka endpoints via configuration
2025-05-15T12:14:25.378+05:30  INFO 11628 --- [HotelRoomManagementService] [AsyncResolver-bootstrap-executor-%d] c.n.d.s.r.aws.ConfigClusterResolver      : Resolving eureka endpoints via configuration
2025-05-15T12:19:25.396+05:30  INFO 11628 --- [HotelRoomManagementService] [AsyncResolver-bootstrap-executor-%d] c.n.d.s.r.aws.ConfigClusterResolver      : Resolving eureka endpoints via configuration
2025-05-15T12:24:25.404+05:30  INFO 11628 --- [HotelRoomManagementService] [AsyncResolver-bootstrap-executor-%d] c.n.d.s.r.aws.ConfigClusterResolver      : Resolving eureka endpoints via configuration
2025-05-15T12:29:25.412+05:30  INFO 11628 --- [HotelRoomManagementService] [AsyncResolver-bootstrap-executor-%d] c.n.d.s.r.aws.ConfigClusterResolver      : Resolving eureka endpoints via configuration
2025-05-15T12:34:25.423+05:30  INFO 11628 --- [HotelRoomManagementService] [AsyncResolver-bootstrap-executor-%d] c.n.d.s.r.aws.ConfigClusterResolver      : Resolving eureka endpoints via configuration
2025-05-15T13:01:24.748+05:30  WARN 11628 --- [HotelRoomManagementService] [HikariPool-2 housekeeper] com.zaxxer.hikari.pool.HikariPool        : HikariPool-2 - Thread starvation or clock leap detected (housekeeper delta=23m25s547ms2µs800ns).
2025-05-15T13:02:20.968+05:30  INFO 11628 --- [HotelRoomManagementService] [AsyncResolver-bootstrap-executor-%d] c.n.d.s.r.aws.ConfigClusterResolver      : Resolving eureka endpoints via configuration
2025-05-15T13:07:20.974+05:30  INFO 11628 --- [HotelRoomManagementService] [AsyncResolver-bootstrap-executor-%d] c.n.d.s.r.aws.ConfigClusterResolver      : Resolving eureka endpoints via configuration
2025-05-15T13:12:20.986+05:30  INFO 11628 --- [HotelRoomManagementService] [AsyncResolver-bootstrap-executor-%d] c.n.d.s.r.aws.ConfigClusterResolver      : Resolving eureka endpoints via configuration
2025-05-15T13:17:21.002+05:30  INFO 11628 --- [HotelRoomManagementService] [AsyncResolver-bootstrap-executor-%d] c.n.d.s.r.aws.ConfigClusterResolver      : Resolving eureka endpoints via configuration
2025-05-15T13:22:21.012+05:30  INFO 11628 --- [HotelRoomManagementService] [AsyncResolver-bootstrap-executor-%d] c.n.d.s.r.aws.ConfigClusterResolver      : Resolving eureka endpoints via configuration
2025-05-15T13:27:21.019+05:30  INFO 11628 --- [HotelRoomManagementService] [AsyncResolver-bootstrap-executor-%d] c.n.d.s.r.aws.ConfigClusterResolver      : Resolving eureka endpoints via configuration
2025-05-15T13:35:32.858+05:30  INFO 11628 --- [HotelRoomManagementService] [AsyncResolver-bootstrap-executor-%d] c.n.d.s.r.aws.ConfigClusterResolver      : Resolving eureka endpoints via configuration
2025-05-15T13:35:37.094+05:30  WARN 11628 --- [HotelRoomManagementService] [HikariPool-2 housekeeper] com.zaxxer.hikari.pool.HikariPool        : HikariPool-2 - Thread starvation or clock leap detected (housekeeper delta=3m41s847ms981µs1ns).
2025-05-15T13:40:32.860+05:30  INFO 11628 --- [HotelRoomManagementService] [AsyncResolver-bootstrap-executor-%d] c.n.d.s.r.aws.ConfigClusterResolver      : Resolving eureka endpoints via configuration
2025-05-15T13:45:32.869+05:30  INFO 11628 --- [HotelRoomManagementService] [AsyncResolver-bootstrap-executor-%d] c.n.d.s.r.aws.ConfigClusterResolver      : Resolving eureka endpoints via configuration
2025-05-15T13:50:32.885+05:30  INFO 11628 --- [HotelRoomManagementService] [AsyncResolver-bootstrap-executor-%d] c.n.d.s.r.aws.ConfigClusterResolver      : Resolving eureka endpoints via configuration
2025-05-15T13:55:32.896+05:30  INFO 11628 --- [HotelRoomManagementService] [AsyncResolver-bootstrap-executor-%d] c.n.d.s.r.aws.ConfigClusterResolver      : Resolving eureka endpoints via configuration
2025-05-15T14:00:32.899+05:30  INFO 11628 --- [HotelRoomManagementService] [AsyncResolver-bootstrap-executor-%d] c.n.d.s.r.aws.ConfigClusterResolver      : Resolving eureka endpoints via configuration
2025-05-15T14:05:32.900+05:30  INFO 11628 --- [HotelRoomManagementService] [AsyncResolver-bootstrap-executor-%d] c.n.d.s.r.aws.ConfigClusterResolver      : Resolving eureka endpoints via configuration
2025-05-15T14:10:32.902+05:30  INFO 11628 --- [HotelRoomManagementService] [AsyncResolver-bootstrap-executor-%d] c.n.d.s.r.aws.ConfigClusterResolver      : Resolving eureka endpoints via configuration
2025-05-15T14:15:32.914+05:30  INFO 11628 --- [HotelRoomManagementService] [AsyncResolver-bootstrap-executor-%d] c.n.d.s.r.aws.ConfigClusterResolver      : Resolving eureka endpoints via configuration
2025-05-15T14:20:32.922+05:30  INFO 11628 --- [HotelRoomManagementService] [AsyncResolver-bootstrap-executor-%d] c.n.d.s.r.aws.ConfigClusterResolver      : Resolving eureka endpoints via configuration
2025-05-15T14:25:32.937+05:30  INFO 11628 --- [HotelRoomManagementService] [AsyncResolver-bootstrap-executor-%d] c.n.d.s.r.aws.ConfigClusterResolver      : Resolving eureka endpoints via configuration
2025-05-15T14:26:53.300+05:30  WARN 11628 --- [HotelRoomManagementService] [HikariPool-2 housekeeper] com.zaxxer.hikari.pool.HikariPool        : HikariPool-2 - Thread starvation or clock leap detected (housekeeper delta=45s555ms905µs399ns).
2025-05-15T14:28:05.237+05:30  WARN 11628 --- [HotelRoomManagementService] [HikariPool-2 housekeeper] com.zaxxer.hikari.pool.HikariPool        : HikariPool-2 - Thread starvation or clock leap detected (housekeeper delta=1m11s932ms954µs501ns).
2025-05-15T14:31:30.399+05:30  INFO 11628 --- [HotelRoomManagementService] [AsyncResolver-bootstrap-executor-%d] c.n.d.s.r.aws.ConfigClusterResolver      : Resolving eureka endpoints via configuration
2025-05-15T14:36:30.404+05:30  INFO 11628 --- [HotelRoomManagementService] [AsyncResolver-bootstrap-executor-%d] c.n.d.s.r.aws.ConfigClusterResolver      : Resolving eureka endpoints via configuration
2025-05-15T14:41:30.415+05:30  INFO 11628 --- [HotelRoomManagementService] [AsyncResolver-bootstrap-executor-%d] c.n.d.s.r.aws.ConfigClusterResolver      : Resolving eureka endpoints via configuration
2025-05-15T14:46:30.432+05:30  INFO 11628 --- [HotelRoomManagementService] [AsyncResolver-bootstrap-executor-%d] c.n.d.s.r.aws.ConfigClusterResolver      : Resolving eureka endpoints via configuration
2025-05-15T14:51:30.456+05:30  INFO 11628 --- [HotelRoomManagementService] [AsyncResolver-bootstrap-executor-%d] c.n.d.s.r.aws.ConfigClusterResolver      : Resolving eureka endpoints via configuration
2025-05-15T14:56:30.472+05:30  INFO 11628 --- [HotelRoomManagementService] [AsyncResolver-bootstrap-executor-%d] c.n.d.s.r.aws.ConfigClusterResolver      : Resolving eureka endpoints via configuration
2025-05-15T15:01:30.481+05:30  INFO 11628 --- [HotelRoomManagementService] [AsyncResolver-bootstrap-executor-%d] c.n.d.s.r.aws.ConfigClusterResolver      : Resolving eureka endpoints via configuration
2025-05-15T15:06:30.489+05:30  INFO 11628 --- [HotelRoomManagementService] [AsyncResolver-bootstrap-executor-%d] c.n.d.s.r.aws.ConfigClusterResolver      : Resolving eureka endpoints via configuration
2025-05-15T15:11:30.491+05:30  INFO 11628 --- [HotelRoomManagementService] [AsyncResolver-bootstrap-executor-%d] c.n.d.s.r.aws.ConfigClusterResolver      : Resolving eureka endpoints via configuration
2025-05-15T15:16:30.500+05:30  INFO 11628 --- [HotelRoomManagementService] [AsyncResolver-bootstrap-executor-%d] c.n.d.s.r.aws.ConfigClusterResolver      : Resolving eureka endpoints via configuration
2025-05-15T16:20:30.307+05:30  WARN 11628 --- [HotelRoomManagementService] [HikariPool-2 housekeeper] com.zaxxer.hikari.pool.HikariPool        : HikariPool-2 - Thread starvation or clock leap detected (housekeeper delta=1h1m54s261ms250µs200ns).
2025-05-15T16:22:54.759+05:30  INFO 11628 --- [HotelRoomManagementService] [AsyncResolver-bootstrap-executor-%d] c.n.d.s.r.aws.ConfigClusterResolver      : Resolving eureka endpoints via configuration
2025-05-15T16:27:54.770+05:30  INFO 11628 --- [HotelRoomManagementService] [AsyncResolver-bootstrap-executor-%d] c.n.d.s.r.aws.ConfigClusterResolver      : Resolving eureka endpoints via configuration
2025-05-15T16:32:54.780+05:30  INFO 11628 --- [HotelRoomManagementService] [AsyncResolver-bootstrap-executor-%d] c.n.d.s.r.aws.ConfigClusterResolver      : Resolving eureka endpoints via configuration
2025-05-15T16:35:58.863+05:30  INFO 9292 --- [HotelRoomManagementService] [main] telRoomManagementServiceApplicationTests : Starting HotelRoomManagementServiceApplicationTests using Java 21.0.6 with PID 9292 (started by 2401063 in C:\Users\2401063\git\shbs\HotelRoomManagementService)
2025-05-15T16:35:58.867+05:30  INFO 9292 --- [HotelRoomManagementService] [main] telRoomManagementServiceApplicationTests : No active profile set, falling back to 1 default profile: "default"
2025-05-15T16:35:58.979+05:30  INFO 9292 --- [HotelRoomManagementService] [main] o.s.c.c.c.ConfigServerConfigDataLoader   : Fetching config from server at : http://localhost:8888
2025-05-15T16:35:58.979+05:30  INFO 9292 --- [HotelRoomManagementService] [main] o.s.c.c.c.ConfigServerConfigDataLoader   : Located environment: name=HotelRoomManagementService, profiles=[default], label=null, version=1e010d799c56a557590d147f0ffc5cbb104507f3, state=
2025-05-15T16:36:01.573+05:30  INFO 9292 --- [HotelRoomManagementService] [main] .s.d.r.c.RepositoryConfigurationDelegate : Bootstrapping Spring Data JPA repositories in DEFAULT mode.
2025-05-15T16:36:02.214+05:30  INFO 9292 --- [HotelRoomManagementService] [main] .s.d.r.c.RepositoryConfigurationDelegate : Finished Spring Data repository scanning in 593 ms. Found 1 JPA repository interface.
2025-05-15T16:36:03.004+05:30  INFO 9292 --- [HotelRoomManagementService] [main] o.s.cloud.context.scope.GenericScope     : BeanFactory id=b55b4b80-d4b0-3192-93d9-ca484c3de2a0
2025-05-15T16:36:04.145+05:30  INFO 9292 --- [HotelRoomManagementService] [main] o.hibernate.jpa.internal.util.LogHelper  : HHH000204: Processing PersistenceUnitInfo [name: default]
2025-05-15T16:36:04.430+05:30  INFO 9292 --- [HotelRoomManagementService] [main] org.hibernate.Version                    : HHH000412: Hibernate ORM core version 6.6.13.Final
2025-05-15T16:36:04.653+05:30  INFO 9292 --- [HotelRoomManagementService] [main] o.h.c.internal.RegionFactoryInitiator    : HHH000026: Second-level cache disabled
2025-05-15T16:36:06.040+05:30  INFO 9292 --- [HotelRoomManagementService] [main] o.s.o.j.p.SpringPersistenceUnitInfo      : No LoadTimeWeaver setup: ignoring JPA class transformer
2025-05-15T16:36:06.159+05:30  INFO 9292 --- [HotelRoomManagementService] [main] com.zaxxer.hikari.HikariDataSource       : HikariPool-1 - Starting...
2025-05-15T16:36:06.932+05:30  INFO 9292 --- [HotelRoomManagementService] [main] com.zaxxer.hikari.pool.HikariPool        : HikariPool-1 - Added connection com.mysql.cj.jdbc.ConnectionImpl@2fcffc05
2025-05-15T16:36:06.936+05:30  INFO 9292 --- [HotelRoomManagementService] [main] com.zaxxer.hikari.HikariDataSource       : HikariPool-1 - Start completed.
2025-05-15T16:36:07.072+05:30  WARN 9292 --- [HotelRoomManagementService] [main] org.hibernate.orm.deprecation            : HHH90000025: MySQLDialect does not need to be specified explicitly using 'hibernate.dialect' (remove the property setting and it will be selected by default)
2025-05-15T16:36:07.131+05:30  INFO 9292 --- [HotelRoomManagementService] [main] org.hibernate.orm.connections.pooling    : HHH10001005: Database info:
	Database JDBC URL [Connecting through datasource 'HikariDataSource (HikariPool-1)']
	Database driver: undefined/unknown
	Database version: 8.0.41
	Autocommit mode: undefined/unknown
	Isolation level: undefined/unknown
	Minimum pool size: undefined/unknown
	Maximum pool size: undefined/unknown
2025-05-15T16:36:08.963+05:30  INFO 9292 --- [HotelRoomManagementService] [main] o.h.e.t.j.p.i.JtaPlatformInitiator       : HHH000489: No JTA platform available (set 'hibernate.transaction.jta.platform' to enable JTA platform integration)
2025-05-15T16:36:09.084+05:30  INFO 9292 --- [HotelRoomManagementService] [main] j.LocalContainerEntityManagerFactoryBean : Initialized JPA EntityManagerFactory for persistence unit 'default'
2025-05-15T16:36:10.031+05:30  WARN 9292 --- [HotelRoomManagementService] [main] JpaBaseConfiguration$JpaWebConfiguration : spring.jpa.open-in-view is enabled by default. Therefore, database queries may be performed during view rendering. Explicitly configure spring.jpa.open-in-view to disable this warning
2025-05-15T16:36:10.395+05:30  INFO 9292 --- [HotelRoomManagementService] [main] o.s.c.openfeign.FeignClientFactoryBean   : For 'ROOMSERVICE' URL not provided. Will try picking an instance via load-balancing.
2025-05-15T16:36:11.802+05:30  INFO 9292 --- [HotelRoomManagementService] [main] DiscoveryClientOptionalArgsConfiguration : Eureka HTTP Client uses RestTemplate.
2025-05-15T16:36:11.879+05:30  WARN 9292 --- [HotelRoomManagementService] [main] iguration$LoadBalancerCaffeineWarnLogger : Spring Cloud LoadBalancer is currently working with the default cache. While this cache implementation is useful for development and tests, it's recommended to use Caffeine cache in production.You can switch to using Caffeine cache, by adding it and org.springframework.cache.caffeine.CaffeineCacheManager to the classpath.
2025-05-15T16:36:11.950+05:30  INFO 9292 --- [HotelRoomManagementService] [main] o.s.c.n.eureka.InstanceInfoFactory       : Setting initial instance status as: STARTING
2025-05-15T16:36:12.041+05:30  INFO 9292 --- [HotelRoomManagementService] [main] com.netflix.discovery.DiscoveryClient    : Initializing Eureka in region us-east-1
2025-05-15T16:36:12.051+05:30  INFO 9292 --- [HotelRoomManagementService] [main] c.n.d.s.r.aws.ConfigClusterResolver      : Resolving eureka endpoints via configuration
2025-05-15T16:36:12.078+05:30  INFO 9292 --- [HotelRoomManagementService] [main] com.netflix.discovery.DiscoveryClient    : Disable delta property : false
2025-05-15T16:36:12.079+05:30  INFO 9292 --- [HotelRoomManagementService] [main] com.netflix.discovery.DiscoveryClient    : Single vip registry refresh property : null
2025-05-15T16:36:12.079+05:30  INFO 9292 --- [HotelRoomManagementService] [main] com.netflix.discovery.DiscoveryClient    : Force full registry fetch : false
2025-05-15T16:36:12.079+05:30  INFO 9292 --- [HotelRoomManagementService] [main] com.netflix.discovery.DiscoveryClient    : Application is null : false
2025-05-15T16:36:12.080+05:30  INFO 9292 --- [HotelRoomManagementService] [main] com.netflix.discovery.DiscoveryClient    : Registered Applications size is zero : true
2025-05-15T16:36:12.080+05:30  INFO 9292 --- [HotelRoomManagementService] [main] com.netflix.discovery.DiscoveryClient    : Application version is -1: true
2025-05-15T16:36:12.080+05:30  INFO 9292 --- [HotelRoomManagementService] [main] com.netflix.discovery.DiscoveryClient    : Getting all instance registry info from the eureka server
2025-05-15T16:36:12.621+05:30  INFO 9292 --- [HotelRoomManagementService] [main] com.netflix.discovery.DiscoveryClient    : The response status is 200
2025-05-15T16:36:12.626+05:30  INFO 9292 --- [HotelRoomManagementService] [main] com.netflix.discovery.DiscoveryClient    : Starting heartbeat executor: renew interval is: 30
2025-05-15T16:36:12.631+05:30  INFO 9292 --- [HotelRoomManagementService] [main] c.n.discovery.InstanceInfoReplicator     : InstanceInfoReplicator onDemand update allowed rate per min is 4
2025-05-15T16:36:12.635+05:30  INFO 9292 --- [HotelRoomManagementService] [main] com.netflix.discovery.DiscoveryClient    : Discovery Client initialized at timestamp 1747307172634 with initial instances count: 8
2025-05-15T16:36:12.641+05:30  INFO 9292 --- [HotelRoomManagementService] [main] o.s.c.n.e.s.EurekaServiceRegistry        : Registering application HOTELROOMMANAGEMENTSERVICE with eureka with status UP
2025-05-15T16:36:12.642+05:30  INFO 9292 --- [HotelRoomManagementService] [main] com.netflix.discovery.DiscoveryClient    : Saw local status change event StatusChangeEvent [timestamp=1747307172642, current=UP, previous=STARTING]
2025-05-15T16:36:12.647+05:30  INFO 9292 --- [HotelRoomManagementService] [DiscoveryClient-InstanceInfoReplicator-%d] com.netflix.discovery.DiscoveryClient    : DiscoveryClient_HOTELROOMMANAGEMENTSERVICE/LTIN604034.cts.com:HotelRoomManagementService:8082: registering service...
2025-05-15T16:36:12.726+05:30  INFO 9292 --- [HotelRoomManagementService] [DiscoveryClient-InstanceInfoReplicator-%d] com.netflix.discovery.DiscoveryClient    : DiscoveryClient_HOTELROOMMANAGEMENTSERVICE/LTIN604034.cts.com:HotelRoomManagementService:8082 - registration status: 204
2025-05-15T16:36:12.782+05:30  INFO 9292 --- [HotelRoomManagementService] [main] telRoomManagementServiceApplicationTests : Started HotelRoomManagementServiceApplicationTests in 25.312 seconds (process running for 28.967)
2025-05-15T16:36:20.964+05:30  INFO 9292 --- [HotelRoomManagementService] [main] com.hotel.service.HotelServiceImpl       : In HotelServiceImpl getAllHotel method...
2025-05-15T16:36:21.019+05:30  INFO 9292 --- [HotelRoomManagementService] [main] com.hotel.service.HotelServiceImpl       : In HotelServiceImpl fetchById method...
2025-05-15T16:36:21.049+05:30  INFO 9292 --- [HotelRoomManagementService] [main] com.hotel.service.HotelServiceImpl       : In HotelServiceImpl deleteHotel method...
2025-05-15T16:36:21.079+05:30  INFO 9292 --- [HotelRoomManagementService] [main] com.hotel.service.HotelServiceImpl       : In HotelServiceImpl updateHotel method...
2025-05-15T16:36:21.117+05:30  INFO 9292 --- [HotelRoomManagementService] [main] com.hotel.service.HotelServiceImpl       : In HotelServiceImpl saveHotel method...
2025-05-15T16:36:21.143+05:30  INFO 9292 --- [HotelRoomManagementService] [main] com.hotel.service.HotelServiceImpl       : In HotelServiceImpl fetchById method...
2025-05-15T16:36:21.170+05:30  INFO 9292 --- [HotelRoomManagementService] [SpringApplicationShutdownHook] o.s.c.n.e.s.EurekaServiceRegistry        : Unregistering application HOTELROOMMANAGEMENTSERVICE with eureka with status DOWN
2025-05-15T16:36:21.171+05:30  INFO 9292 --- [HotelRoomManagementService] [SpringApplicationShutdownHook] com.netflix.discovery.DiscoveryClient    : Saw local status change event StatusChangeEvent [timestamp=1747307181171, current=DOWN, previous=UP]
2025-05-15T16:36:21.171+05:30  INFO 9292 --- [HotelRoomManagementService] [DiscoveryClient-InstanceInfoReplicator-%d] com.netflix.discovery.DiscoveryClient    : DiscoveryClient_HOTELROOMMANAGEMENTSERVICE/LTIN604034.cts.com:HotelRoomManagementService:8082: registering service...
2025-05-15T16:36:21.185+05:30  INFO 9292 --- [HotelRoomManagementService] [DiscoveryClient-InstanceInfoReplicator-%d] com.netflix.discovery.DiscoveryClient    : DiscoveryClient_HOTELROOMMANAGEMENTSERVICE/LTIN604034.cts.com:HotelRoomManagementService:8082 - registration status: 204
2025-05-15T16:36:21.185+05:30  INFO 9292 --- [HotelRoomManagementService] [SpringApplicationShutdownHook] j.LocalContainerEntityManagerFactoryBean : Closing JPA EntityManagerFactory for persistence unit 'default'
2025-05-15T16:36:21.192+05:30  INFO 9292 --- [HotelRoomManagementService] [SpringApplicationShutdownHook] com.zaxxer.hikari.HikariDataSource       : HikariPool-1 - Shutdown initiated...
2025-05-15T16:36:21.221+05:30  INFO 9292 --- [HotelRoomManagementService] [SpringApplicationShutdownHook] com.zaxxer.hikari.HikariDataSource       : HikariPool-1 - Shutdown completed.
2025-05-15T16:36:21.222+05:30  INFO 9292 --- [HotelRoomManagementService] [SpringApplicationShutdownHook] com.netflix.discovery.DiscoveryClient    : Shutting down DiscoveryClient ...
2025-05-15T16:36:24.225+05:30  INFO 9292 --- [HotelRoomManagementService] [SpringApplicationShutdownHook] com.netflix.discovery.DiscoveryClient    : Unregistering ...
2025-05-15T16:36:24.247+05:30  INFO 9292 --- [HotelRoomManagementService] [SpringApplicationShutdownHook] com.netflix.discovery.DiscoveryClient    : DiscoveryClient_HOTELROOMMANAGEMENTSERVICE/LTIN604034.cts.com:HotelRoomManagementService:8082 - deregister  status: 200
2025-05-15T16:36:24.248+05:30  INFO 9292 --- [HotelRoomManagementService] [SpringApplicationShutdownHook] com.netflix.discovery.DiscoveryClient    : Completed shut down of DiscoveryClient
2025-05-15T16:36:47.418+05:30  INFO 11628 --- [HotelRoomManagementService] [DiscoveryClient-HeartbeatExecutor-%d] com.netflix.discovery.DiscoveryClient    : DiscoveryClient_HOTELROOMMANAGEMENTSERVICE/LTIN604034.cts.com:HotelRoomManagementService:8082 - Re-registering apps/HOTELROOMMANAGEMENTSERVICE
2025-05-15T16:36:47.418+05:30  INFO 11628 --- [HotelRoomManagementService] [DiscoveryClient-HeartbeatExecutor-%d] com.netflix.discovery.DiscoveryClient    : DiscoveryClient_HOTELROOMMANAGEMENTSERVICE/LTIN604034.cts.com:HotelRoomManagementService:8082: registering service...
2025-05-15T16:36:47.543+05:30  INFO 11628 --- [HotelRoomManagementService] [DiscoveryClient-HeartbeatExecutor-%d] com.netflix.discovery.DiscoveryClient    : DiscoveryClient_HOTELROOMMANAGEMENTSERVICE/LTIN604034.cts.com:HotelRoomManagementService:8082 - registration status: 204
2025-05-15T16:37:54.795+05:30  INFO 11628 --- [HotelRoomManagementService] [AsyncResolver-bootstrap-executor-%d] c.n.d.s.r.aws.ConfigClusterResolver      : Resolving eureka endpoints via configuration
2025-05-15T16:42:54.803+05:30  INFO 11628 --- [HotelRoomManagementService] [AsyncResolver-bootstrap-executor-%d] c.n.d.s.r.aws.ConfigClusterResolver      : Resolving eureka endpoints via configuration
2025-05-15T16:47:54.816+05:30  INFO 11628 --- [HotelRoomManagementService] [AsyncResolver-bootstrap-executor-%d] c.n.d.s.r.aws.ConfigClusterResolver      : Resolving eureka endpoints via configuration
2025-05-15T16:52:54.830+05:30  INFO 11628 --- [HotelRoomManagementService] [AsyncResolver-bootstrap-executor-%d] c.n.d.s.r.aws.ConfigClusterResolver      : Resolving eureka endpoints via configuration
2025-05-15T16:57:54.844+05:30  INFO 11628 --- [HotelRoomManagementService] [AsyncResolver-bootstrap-executor-%d] c.n.d.s.r.aws.ConfigClusterResolver      : Resolving eureka endpoints via configuration
2025-05-15T17:02:54.851+05:30  INFO 11628 --- [HotelRoomManagementService] [AsyncResolver-bootstrap-executor-%d] c.n.d.s.r.aws.ConfigClusterResolver      : Resolving eureka endpoints via configuration
2025-05-15T17:07:54.856+05:30  INFO 11628 --- [HotelRoomManagementService] [AsyncResolver-bootstrap-executor-%d] c.n.d.s.r.aws.ConfigClusterResolver      : Resolving eureka endpoints via configuration
2025-05-15T18:06:19.942+05:30  WARN 11628 --- [HotelRoomManagementService] [HikariPool-2 housekeeper] com.zaxxer.hikari.pool.HikariPool        : HikariPool-2 - Thread starvation or clock leap detected (housekeeper delta=54m53s578ms461µs500ns).
2025-05-15T18:06:47.474+05:30  INFO 11628 --- [HotelRoomManagementService] [RMI TCP Connection(686)-127.0.0.1] inMXBeanRegistrar$SpringApplicationAdmin : Application shutdown requested.
2025-05-15T18:06:47.484+05:30  INFO 11628 --- [HotelRoomManagementService] [RMI TCP Connection(686)-127.0.0.1] o.s.c.n.e.s.EurekaServiceRegistry        : Unregistering application HOTELROOMMANAGEMENTSERVICE with eureka with status DOWN
2025-05-15T18:06:47.485+05:30  INFO 11628 --- [HotelRoomManagementService] [RMI TCP Connection(686)-127.0.0.1] com.netflix.discovery.DiscoveryClient    : Saw local status change event StatusChangeEvent [timestamp=1747312607485, current=DOWN, previous=UP]
2025-05-15T18:06:47.485+05:30  INFO 11628 --- [HotelRoomManagementService] [DiscoveryClient-InstanceInfoReplicator-%d] com.netflix.discovery.DiscoveryClient    : DiscoveryClient_HOTELROOMMANAGEMENTSERVICE/LTIN604034.cts.com:HotelRoomManagementService:8082: registering service...
2025-05-15T18:06:47.493+05:30  INFO 11628 --- [HotelRoomManagementService] [RMI TCP Connection(686)-127.0.0.1] o.s.b.w.e.tomcat.GracefulShutdown        : Commencing graceful shutdown. Waiting for active requests to complete
2025-05-15T18:06:47.526+05:30  INFO 11628 --- [HotelRoomManagementService] [tomcat-shutdown] o.s.b.w.e.tomcat.GracefulShutdown        : Graceful shutdown complete
2025-05-15T18:06:47.540+05:30  INFO 11628 --- [HotelRoomManagementService] [RMI TCP Connection(686)-127.0.0.1] j.LocalContainerEntityManagerFactoryBean : Closing JPA EntityManagerFactory for persistence unit 'default'
2025-05-15T18:06:47.543+05:30  INFO 11628 --- [HotelRoomManagementService] [DiscoveryClient-InstanceInfoReplicator-%d] c.n.d.s.t.d.RedirectingEurekaHttpClient  : Request execution error. endpoint=DefaultEndpoint{ serviceUrl='http://localhost:8761/eureka/} exception=I/O error on POST request for "http://localhost:8761/eureka/apps/HOTELROOMMANAGEMENTSERVICE": Connect to http://localhost:8761 [localhost/127.0.0.1, localhost/0:0:0:0:0:0:0:1] failed: Connection refused: getsockopt stacktrace=org.springframework.web.client.ResourceAccessException: I/O error on POST request for "http://localhost:8761/eureka/apps/HOTELROOMMANAGEMENTSERVICE": Connect to http://localhost:8761 [localhost/127.0.0.1, localhost/0:0:0:0:0:0:0:1] failed: Connection refused: getsockopt
	at org.springframework.web.client.RestTemplate.createResourceAccessException(RestTemplate.java:926)
	at org.springframework.web.client.RestTemplate.doExecute(RestTemplate.java:906)
	at org.springframework.web.client.RestTemplate.execute(RestTemplate.java:841)
	at org.springframework.web.client.RestTemplate.exchange(RestTemplate.java:702)
	at org.springframework.cloud.netflix.eureka.http.RestTemplateEurekaHttpClient.register(RestTemplateEurekaHttpClient.java:87)
	at com.netflix.discovery.shared.transport.decorator.EurekaHttpClientDecorator$1.execute(EurekaHttpClientDecorator.java:59)
	at com.netflix.discovery.shared.transport.decorator.RedirectingEurekaHttpClient.execute(RedirectingEurekaHttpClient.java:91)
	at com.netflix.discovery.shared.transport.decorator.EurekaHttpClientDecorator.register(EurekaHttpClientDecorator.java:56)
	at com.netflix.discovery.shared.transport.decorator.EurekaHttpClientDecorator$1.execute(EurekaHttpClientDecorator.java:59)
	at com.netflix.discovery.shared.transport.decorator.RetryableEurekaHttpClient.execute(RetryableEurekaHttpClient.java:120)
	at com.netflix.discovery.shared.transport.decorator.EurekaHttpClientDecorator.register(EurekaHttpClientDecorator.java:56)
	at com.netflix.discovery.shared.transport.decorator.EurekaHttpClientDecorator$1.execute(EurekaHttpClientDecorator.java:59)
	at com.netflix.discovery.shared.transport.decorator.SessionedEurekaHttpClient.execute(SessionedEurekaHttpClient.java:76)
	at com.netflix.discovery.shared.transport.decorator.EurekaHttpClientDecorator.register(EurekaHttpClientDecorator.java:56)
	at com.netflix.discovery.DiscoveryClient.register(DiscoveryClient.java:828)
	at com.netflix.discovery.InstanceInfoReplicator.run(InstanceInfoReplicator.java:125)
	at com.netflix.discovery.InstanceInfoReplicator$2.run(InstanceInfoReplicator.java:105)
	at java.base/java.util.concurrent.Executors$RunnableAdapter.call(Executors.java:572)
	at java.base/java.util.concurrent.FutureTask.run(FutureTask.java:317)
	at java.base/java.util.concurrent.ScheduledThreadPoolExecutor$ScheduledFutureTask.run(ScheduledThreadPoolExecutor.java:304)
	at java.base/java.util.concurrent.ThreadPoolExecutor.runWorker(ThreadPoolExecutor.java:1144)
	at java.base/java.util.concurrent.ThreadPoolExecutor$Worker.run(ThreadPoolExecutor.java:642)
	at java.base/java.lang.Thread.run(Thread.java:1583)
Caused by: org.apache.hc.client5.http.HttpHostConnectException: Connect to http://localhost:8761 [localhost/127.0.0.1, localhost/0:0:0:0:0:0:0:1] failed: Connection refused: getsockopt
	at java.base/sun.nio.ch.Net.pollConnect(Native Method)
	at java.base/sun.nio.ch.Net.pollConnectNow(Net.java:682)
	at java.base/sun.nio.ch.NioSocketImpl.timedFinishConnect(NioSocketImpl.java:542)
	at java.base/sun.nio.ch.NioSocketImpl.connect(NioSocketImpl.java:592)
	at java.base/java.net.SocksSocketImpl.connect(SocksSocketImpl.java:327)
	at java.base/java.net.Socket.connect(Socket.java:751)
	at org.apache.hc.client5.http.impl.io.DefaultHttpClientConnectionOperator.connect(DefaultHttpClientConnectionOperator.java:216)
	at org.apache.hc.client5.http.impl.io.PoolingHttpClientConnectionManager.connect(PoolingHttpClientConnectionManager.java:490)
	at org.apache.hc.client5.http.impl.classic.InternalExecRuntime.connectEndpoint(InternalExecRuntime.java:164)
	at org.apache.hc.client5.http.impl.classic.InternalExecRuntime.connectEndpoint(InternalExecRuntime.java:174)
	at org.apache.hc.client5.http.impl.classic.ConnectExec.execute(ConnectExec.java:144)
	at org.apache.hc.client5.http.impl.classic.ExecChainElement.execute(ExecChainElement.java:51)
	at org.apache.hc.client5.http.impl.classic.ProtocolExec.execute(ProtocolExec.java:192)
	at org.apache.hc.client5.http.impl.classic.ExecChainElement.execute(ExecChainElement.java:51)
	at org.apache.hc.client5.http.impl.classic.ContentCompressionExec.execute(ContentCompressionExec.java:150)
	at org.apache.hc.client5.http.impl.classic.ExecChainElement.execute(ExecChainElement.java:51)
	at org.apache.hc.client5.http.impl.classic.HttpRequestRetryExec.execute(HttpRequestRetryExec.java:113)
	at org.apache.hc.client5.http.impl.classic.ExecChainElement.execute(ExecChainElement.java:51)
	at org.apache.hc.client5.http.impl.classic.RedirectExec.execute(RedirectExec.java:110)
	at org.apache.hc.client5.http.impl.classic.ExecChainElement.execute(ExecChainElement.java:51)
	at org.apache.hc.client5.http.impl.classic.InternalHttpClient.doExecute(InternalHttpClient.java:183)
	at org.apache.hc.client5.http.impl.classic.CloseableHttpClient.execute(CloseableHttpClient.java:87)
	at org.apache.hc.client5.http.impl.classic.CloseableHttpClient.execute(CloseableHttpClient.java:55)
	at org.apache.hc.client5.http.classic.HttpClient.executeOpen(HttpClient.java:183)
	at org.springframework.http.client.HttpComponentsClientHttpRequest.executeInternal(HttpComponentsClientHttpRequest.java:99)
	at org.springframework.http.client.AbstractStreamingClientHttpRequest.executeInternal(AbstractStreamingClientHttpRequest.java:71)
	at org.springframework.http.client.AbstractClientHttpRequest.execute(AbstractClientHttpRequest.java:81)
	at org.springframework.http.client.InterceptingClientHttpRequest$InterceptingRequestExecution.execute(InterceptingClientHttpRequest.java:117)
	at org.springframework.cloud.netflix.eureka.http.RestTemplateTransportClientFactory.lambda$restTemplate$2(RestTemplateTransportClientFactory.java:145)
	at org.springframework.http.client.InterceptingClientHttpRequest$InterceptingRequestExecution.execute(InterceptingClientHttpRequest.java:88)
	at org.springframework.http.client.InterceptingClientHttpRequest.executeInternal(InterceptingClientHttpRequest.java:72)
	at org.springframework.http.client.AbstractBufferingClientHttpRequest.executeInternal(AbstractBufferingClientHttpRequest.java:48)
	at org.springframework.http.client.AbstractClientHttpRequest.execute(AbstractClientHttpRequest.java:81)
	at org.springframework.web.client.RestTemplate.doExecute(RestTemplate.java:900)
	... 21 more

2025-05-15T18:06:47.543+05:30  INFO 11628 --- [HotelRoomManagementService] [RMI TCP Connection(686)-127.0.0.1] com.zaxxer.hikari.HikariDataSource       : HikariPool-2 - Shutdown initiated...
2025-05-15T18:06:47.545+05:30  WARN 11628 --- [HotelRoomManagementService] [DiscoveryClient-InstanceInfoReplicator-%d] c.n.d.s.t.d.RetryableEurekaHttpClient    : Request execution failed with message: I/O error on POST request for "http://localhost:8761/eureka/apps/HOTELROOMMANAGEMENTSERVICE": Connect to http://localhost:8761 [localhost/127.0.0.1, localhost/0:0:0:0:0:0:0:1] failed: Connection refused: getsockopt
2025-05-15T18:06:47.559+05:30  INFO 11628 --- [HotelRoomManagementService] [RMI TCP Connection(686)-127.0.0.1] com.zaxxer.hikari.HikariDataSource       : HikariPool-2 - Shutdown completed.
2025-05-15T18:06:47.560+05:30  INFO 11628 --- [HotelRoomManagementService] [RMI TCP Connection(686)-127.0.0.1] com.netflix.discovery.DiscoveryClient    : Shutting down DiscoveryClient ...
2025-05-15T18:06:47.602+05:30  INFO 11628 --- [HotelRoomManagementService] [DiscoveryClient-InstanceInfoReplicator-%d] c.n.d.s.t.d.RedirectingEurekaHttpClient  : Request execution error. endpoint=DefaultEndpoint{ serviceUrl='http://localhost:8761/eureka/}, exception=I/O error on POST request for "http://localhost:8761/eureka/apps/HOTELROOMMANAGEMENTSERVICE": Connect to http://localhost:8761 [localhost/127.0.0.1, localhost/0:0:0:0:0:0:0:1] failed: Connection refused: getsockopt stacktrace=org.springframework.web.client.ResourceAccessException: I/O error on POST request for "http://localhost:8761/eureka/apps/HOTELROOMMANAGEMENTSERVICE": Connect to http://localhost:8761 [localhost/127.0.0.1, localhost/0:0:0:0:0:0:0:1] failed: Connection refused: getsockopt
	at org.springframework.web.client.RestTemplate.createResourceAccessException(RestTemplate.java:926)
	at org.springframework.web.client.RestTemplate.doExecute(RestTemplate.java:906)
	at org.springframework.web.client.RestTemplate.execute(RestTemplate.java:841)
	at org.springframework.web.client.RestTemplate.exchange(RestTemplate.java:702)
	at org.springframework.cloud.netflix.eureka.http.RestTemplateEurekaHttpClient.register(RestTemplateEurekaHttpClient.java:87)
	at com.netflix.discovery.shared.transport.decorator.EurekaHttpClientDecorator$1.execute(EurekaHttpClientDecorator.java:59)
	at com.netflix.discovery.shared.transport.decorator.RedirectingEurekaHttpClient.executeOnNewServer(RedirectingEurekaHttpClient.java:121)
	at com.netflix.discovery.shared.transport.decorator.RedirectingEurekaHttpClient.execute(RedirectingEurekaHttpClient.java:80)
	at com.netflix.discovery.shared.transport.decorator.EurekaHttpClientDecorator.register(EurekaHttpClientDecorator.java:56)
	at com.netflix.discovery.shared.transport.decorator.EurekaHttpClientDecorator$1.execute(EurekaHttpClientDecorator.java:59)
	at com.netflix.discovery.shared.transport.decorator.RetryableEurekaHttpClient.execute(RetryableEurekaHttpClient.java:120)
	at com.netflix.discovery.shared.transport.decorator.EurekaHttpClientDecorator.register(EurekaHttpClientDecorator.java:56)
	at com.netflix.discovery.shared.transport.decorator.EurekaHttpClientDecorator$1.execute(EurekaHttpClientDecorator.java:59)
	at com.netflix.discovery.shared.transport.decorator.SessionedEurekaHttpClient.execute(SessionedEurekaHttpClient.java:76)
	at com.netflix.discovery.shared.transport.decorator.EurekaHttpClientDecorator.register(EurekaHttpClientDecorator.java:56)
	at com.netflix.discovery.DiscoveryClient.register(DiscoveryClient.java:828)
	at com.netflix.discovery.InstanceInfoReplicator.run(InstanceInfoReplicator.java:125)
	at com.netflix.discovery.InstanceInfoReplicator$2.run(InstanceInfoReplicator.java:105)
	at java.base/java.util.concurrent.Executors$RunnableAdapter.call(Executors.java:572)
	at java.base/java.util.concurrent.FutureTask.run(FutureTask.java:317)
	at java.base/java.util.concurrent.ScheduledThreadPoolExecutor$ScheduledFutureTask.run(ScheduledThreadPoolExecutor.java:304)
	at java.base/java.util.concurrent.ThreadPoolExecutor.runWorker(ThreadPoolExecutor.java:1144)
	at java.base/java.util.concurrent.ThreadPoolExecutor$Worker.run(ThreadPoolExecutor.java:642)
	at java.base/java.lang.Thread.run(Thread.java:1583)
Caused by: org.apache.hc.client5.http.HttpHostConnectException: Connect to http://localhost:8761 [localhost/127.0.0.1, localhost/0:0:0:0:0:0:0:1] failed: Connection refused: getsockopt
	at java.base/sun.nio.ch.Net.pollConnect(Native Method)
	at java.base/sun.nio.ch.Net.pollConnectNow(Net.java:682)
	at java.base/sun.nio.ch.NioSocketImpl.timedFinishConnect(NioSocketImpl.java:542)
	at java.base/sun.nio.ch.NioSocketImpl.connect(NioSocketImpl.java:592)
	at java.base/java.net.SocksSocketImpl.connect(SocksSocketImpl.java:327)
	at java.base/java.net.Socket.connect(Socket.java:751)
	at org.apache.hc.client5.http.impl.io.DefaultHttpClientConnectionOperator.connect(DefaultHttpClientConnectionOperator.java:216)
	at org.apache.hc.client5.http.impl.io.PoolingHttpClientConnectionManager.connect(PoolingHttpClientConnectionManager.java:490)
	at org.apache.hc.client5.http.impl.classic.InternalExecRuntime.connectEndpoint(InternalExecRuntime.java:164)
	at org.apache.hc.client5.http.impl.classic.InternalExecRuntime.connectEndpoint(InternalExecRuntime.java:174)
	at org.apache.hc.client5.http.impl.classic.ConnectExec.execute(ConnectExec.java:144)
	at org.apache.hc.client5.http.impl.classic.ExecChainElement.execute(ExecChainElement.java:51)
	at org.apache.hc.client5.http.impl.classic.ProtocolExec.execute(ProtocolExec.java:192)
	at org.apache.hc.client5.http.impl.classic.ExecChainElement.execute(ExecChainElement.java:51)
	at org.apache.hc.client5.http.impl.classic.ContentCompressionExec.execute(ContentCompressionExec.java:150)
	at org.apache.hc.client5.http.impl.classic.ExecChainElement.execute(ExecChainElement.java:51)
	at org.apache.hc.client5.http.impl.classic.HttpRequestRetryExec.execute(HttpRequestRetryExec.java:113)
	at org.apache.hc.client5.http.impl.classic.ExecChainElement.execute(ExecChainElement.java:51)
	at org.apache.hc.client5.http.impl.classic.RedirectExec.execute(RedirectExec.java:110)
	at org.apache.hc.client5.http.impl.classic.ExecChainElement.execute(ExecChainElement.java:51)
	at org.apache.hc.client5.http.impl.classic.InternalHttpClient.doExecute(InternalHttpClient.java:183)
	at org.apache.hc.client5.http.impl.classic.CloseableHttpClient.execute(CloseableHttpClient.java:87)
	at org.apache.hc.client5.http.impl.classic.CloseableHttpClient.execute(CloseableHttpClient.java:55)
	at org.apache.hc.client5.http.classic.HttpClient.executeOpen(HttpClient.java:183)
	at org.springframework.http.client.HttpComponentsClientHttpRequest.executeInternal(HttpComponentsClientHttpRequest.java:99)
	at org.springframework.http.client.AbstractStreamingClientHttpRequest.executeInternal(AbstractStreamingClientHttpRequest.java:71)
	at org.springframework.http.client.AbstractClientHttpRequest.execute(AbstractClientHttpRequest.java:81)
	at org.springframework.http.client.InterceptingClientHttpRequest$InterceptingRequestExecution.execute(InterceptingClientHttpRequest.java:117)
	at org.springframework.cloud.netflix.eureka.http.RestTemplateTransportClientFactory.lambda$restTemplate$2(RestTemplateTransportClientFactory.java:145)
	at org.springframework.http.client.InterceptingClientHttpRequest$InterceptingRequestExecution.execute(InterceptingClientHttpRequest.java:88)
	at org.springframework.http.client.InterceptingClientHttpRequest.executeInternal(InterceptingClientHttpRequest.java:72)
	at org.springframework.http.client.AbstractBufferingClientHttpRequest.executeInternal(AbstractBufferingClientHttpRequest.java:48)
	at org.springframework.http.client.AbstractClientHttpRequest.execute(AbstractClientHttpRequest.java:81)
	at org.springframework.web.client.RestTemplate.doExecute(RestTemplate.java:900)
	... 22 more

2025-05-15T18:06:47.603+05:30  WARN 11628 --- [HotelRoomManagementService] [DiscoveryClient-InstanceInfoReplicator-%d] c.n.d.s.t.d.RetryableEurekaHttpClient    : Request execution failed with message: I/O error on POST request for "http://localhost:8761/eureka/apps/HOTELROOMMANAGEMENTSERVICE": Connect to http://localhost:8761 [localhost/127.0.0.1, localhost/0:0:0:0:0:0:0:1] failed: Connection refused: getsockopt
2025-05-15T18:06:47.603+05:30  WARN 11628 --- [HotelRoomManagementService] [DiscoveryClient-InstanceInfoReplicator-%d] com.netflix.discovery.DiscoveryClient    : DiscoveryClient_HOTELROOMMANAGEMENTSERVICE/LTIN604034.cts.com:HotelRoomManagementService:8082 - registration failed Cannot execute request on any known server

com.netflix.discovery.shared.transport.TransportException: Cannot execute request on any known server
	at com.netflix.discovery.shared.transport.decorator.RetryableEurekaHttpClient.execute(RetryableEurekaHttpClient.java:112) ~[eureka-client-2.0.4.jar:2.0.4]
	at com.netflix.discovery.shared.transport.decorator.EurekaHttpClientDecorator.register(EurekaHttpClientDecorator.java:56) ~[eureka-client-2.0.4.jar:2.0.4]
	at com.netflix.discovery.shared.transport.decorator.EurekaHttpClientDecorator$1.execute(EurekaHttpClientDecorator.java:59) ~[eureka-client-2.0.4.jar:2.0.4]
	at com.netflix.discovery.shared.transport.decorator.SessionedEurekaHttpClient.execute(SessionedEurekaHttpClient.java:76) ~[eureka-client-2.0.4.jar:2.0.4]
	at com.netflix.discovery.shared.transport.decorator.EurekaHttpClientDecorator.register(EurekaHttpClientDecorator.java:56) ~[eureka-client-2.0.4.jar:2.0.4]
	at com.netflix.discovery.DiscoveryClient.register(DiscoveryClient.java:828) ~[eureka-client-2.0.4.jar:2.0.4]
	at com.netflix.discovery.InstanceInfoReplicator.run(InstanceInfoReplicator.java:125) ~[eureka-client-2.0.4.jar:2.0.4]
	at com.netflix.discovery.InstanceInfoReplicator$2.run(InstanceInfoReplicator.java:105) ~[eureka-client-2.0.4.jar:2.0.4]
	at java.base/java.util.concurrent.Executors$RunnableAdapter.call(Executors.java:572) ~[na:na]
	at java.base/java.util.concurrent.FutureTask.run(FutureTask.java:317) ~[na:na]
	at java.base/java.util.concurrent.ScheduledThreadPoolExecutor$ScheduledFutureTask.run(ScheduledThreadPoolExecutor.java:304) ~[na:na]
	at java.base/java.util.concurrent.ThreadPoolExecutor.runWorker(ThreadPoolExecutor.java:1144) ~[na:na]
	at java.base/java.util.concurrent.ThreadPoolExecutor$Worker.run(ThreadPoolExecutor.java:642) ~[na:na]
	at java.base/java.lang.Thread.run(Thread.java:1583) ~[na:na]

2025-05-15T18:06:47.608+05:30  WARN 11628 --- [HotelRoomManagementService] [DiscoveryClient-InstanceInfoReplicator-%d] c.n.discovery.InstanceInfoReplicator     : There was a problem with the instance info replicator

com.netflix.discovery.shared.transport.TransportException: Cannot execute request on any known server
	at com.netflix.discovery.shared.transport.decorator.RetryableEurekaHttpClient.execute(RetryableEurekaHttpClient.java:112) ~[eureka-client-2.0.4.jar:2.0.4]
	at com.netflix.discovery.shared.transport.decorator.EurekaHttpClientDecorator.register(EurekaHttpClientDecorator.java:56) ~[eureka-client-2.0.4.jar:2.0.4]
	at com.netflix.discovery.shared.transport.decorator.EurekaHttpClientDecorator$1.execute(EurekaHttpClientDecorator.java:59) ~[eureka-client-2.0.4.jar:2.0.4]
	at com.netflix.discovery.shared.transport.decorator.SessionedEurekaHttpClient.execute(SessionedEurekaHttpClient.java:76) ~[eureka-client-2.0.4.jar:2.0.4]
	at com.netflix.discovery.shared.transport.decorator.EurekaHttpClientDecorator.register(EurekaHttpClientDecorator.java:56) ~[eureka-client-2.0.4.jar:2.0.4]
	at com.netflix.discovery.DiscoveryClient.register(DiscoveryClient.java:828) ~[eureka-client-2.0.4.jar:2.0.4]
	at com.netflix.discovery.InstanceInfoReplicator.run(InstanceInfoReplicator.java:125) ~[eureka-client-2.0.4.jar:2.0.4]
	at com.netflix.discovery.InstanceInfoReplicator$2.run(InstanceInfoReplicator.java:105) ~[eureka-client-2.0.4.jar:2.0.4]
	at java.base/java.util.concurrent.Executors$RunnableAdapter.call(Executors.java:572) ~[na:na]
	at java.base/java.util.concurrent.FutureTask.run(FutureTask.java:317) ~[na:na]
	at java.base/java.util.concurrent.ScheduledThreadPoolExecutor$ScheduledFutureTask.run(ScheduledThreadPoolExecutor.java:304) ~[na:na]
	at java.base/java.util.concurrent.ThreadPoolExecutor.runWorker(ThreadPoolExecutor.java:1144) ~[na:na]
	at java.base/java.util.concurrent.ThreadPoolExecutor$Worker.run(ThreadPoolExecutor.java:642) ~[na:na]
	at java.base/java.lang.Thread.run(Thread.java:1583) ~[na:na]

2025-05-15T18:06:47.610+05:30  INFO 11628 --- [HotelRoomManagementService] [RMI TCP Connection(686)-127.0.0.1] com.netflix.discovery.DiscoveryClient    : Unregistering ...
2025-05-15T18:06:47.624+05:30  INFO 11628 --- [HotelRoomManagementService] [RMI TCP Connection(686)-127.0.0.1] c.n.d.s.t.d.RedirectingEurekaHttpClient  : Request execution error. endpoint=DefaultEndpoint{ serviceUrl='http://localhost:8761/eureka/}, exception=I/O error on DELETE request for "http://localhost:8761/eureka/apps/HOTELROOMMANAGEMENTSERVICE/LTIN604034.cts.com:HotelRoomManagementService:8082": Connect to http://localhost:8761 [localhost/127.0.0.1, localhost/0:0:0:0:0:0:0:1] failed: Connection refused: getsockopt stacktrace=org.springframework.web.client.ResourceAccessException: I/O error on DELETE request for "http://localhost:8761/eureka/apps/HOTELROOMMANAGEMENTSERVICE/LTIN604034.cts.com:HotelRoomManagementService:8082": Connect to http://localhost:8761 [localhost/127.0.0.1, localhost/0:0:0:0:0:0:0:1] failed: Connection refused: getsockopt
	at org.springframework.web.client.RestTemplate.createResourceAccessException(RestTemplate.java:926)
	at org.springframework.web.client.RestTemplate.doExecute(RestTemplate.java:906)
	at org.springframework.web.client.RestTemplate.execute(RestTemplate.java:841)
	at org.springframework.web.client.RestTemplate.exchange(RestTemplate.java:702)
	at org.springframework.cloud.netflix.eureka.http.RestTemplateEurekaHttpClient.cancel(RestTemplateEurekaHttpClient.java:100)
	at com.netflix.discovery.shared.transport.decorator.EurekaHttpClientDecorator$2.execute(EurekaHttpClientDecorator.java:74)
	at com.netflix.discovery.shared.transport.decorator.RedirectingEurekaHttpClient.executeOnNewServer(RedirectingEurekaHttpClient.java:121)
	at com.netflix.discovery.shared.transport.decorator.RedirectingEurekaHttpClient.execute(RedirectingEurekaHttpClient.java:80)
	at com.netflix.discovery.shared.transport.decorator.EurekaHttpClientDecorator.cancel(EurekaHttpClientDecorator.java:71)
	at com.netflix.discovery.shared.transport.decorator.EurekaHttpClientDecorator$2.execute(EurekaHttpClientDecorator.java:74)
	at com.netflix.discovery.shared.transport.decorator.RetryableEurekaHttpClient.execute(RetryableEurekaHttpClient.java:120)
	at com.netflix.discovery.shared.transport.decorator.EurekaHttpClientDecorator.cancel(EurekaHttpClientDecorator.java:71)
	at com.netflix.discovery.shared.transport.decorator.EurekaHttpClientDecorator$2.execute(EurekaHttpClientDecorator.java:74)
	at com.netflix.discovery.shared.transport.decorator.SessionedEurekaHttpClient.execute(SessionedEurekaHttpClient.java:76)
	at com.netflix.discovery.shared.transport.decorator.EurekaHttpClientDecorator.cancel(EurekaHttpClientDecorator.java:71)
	at com.netflix.discovery.DiscoveryClient.unregister(DiscoveryClient.java:919)
	at com.netflix.discovery.DiscoveryClient.shutdown(DiscoveryClient.java:900)
	at java.base/jdk.internal.reflect.DirectMethodHandleAccessor.invoke(DirectMethodHandleAccessor.java:103)
	at java.base/java.lang.reflect.Method.invoke(Method.java:580)
	at org.springframework.beans.factory.annotation.InitDestroyAnnotationBeanPostProcessor$LifecycleMethod.invoke(InitDestroyAnnotationBeanPostProcessor.java:457)
	at org.springframework.beans.factory.annotation.InitDestroyAnnotationBeanPostProcessor$LifecycleMetadata.invokeDestroyMethods(InitDestroyAnnotationBeanPostProcessor.java:415)
	at org.springframework.beans.factory.annotation.InitDestroyAnnotationBeanPostProcessor.postProcessBeforeDestruction(InitDestroyAnnotationBeanPostProcessor.java:239)
	at org.springframework.beans.factory.support.DisposableBeanAdapter.destroy(DisposableBeanAdapter.java:202)
	at org.springframework.beans.factory.support.DisposableBeanAdapter.run(DisposableBeanAdapter.java:195)
	at org.springframework.cloud.context.scope.GenericScope$BeanLifecycleWrapper.destroy(GenericScope.java:389)
	at org.springframework.cloud.context.scope.GenericScope.destroy(GenericScope.java:136)
	at org.springframework.beans.factory.support.DisposableBeanAdapter.destroy(DisposableBeanAdapter.java:211)
	at org.springframework.beans.factory.support.DefaultSingletonBeanRegistry.destroyBean(DefaultSingletonBeanRegistry.java:796)
	at org.springframework.beans.factory.support.DefaultSingletonBeanRegistry.destroySingleton(DefaultSingletonBeanRegistry.java:746)
	at org.springframework.beans.factory.support.DefaultListableBeanFactory.destroySingleton(DefaultListableBeanFactory.java:1473)
	at org.springframework.beans.factory.support.DefaultSingletonBeanRegistry.destroySingletons(DefaultSingletonBeanRegistry.java:705)
	at org.springframework.beans.factory.support.DefaultListableBeanFactory.destroySingletons(DefaultListableBeanFactory.java:1466)
	at org.springframework.context.support.AbstractApplicationContext.destroyBeans(AbstractApplicationContext.java:1219)
	at org.springframework.context.support.AbstractApplicationContext.doClose(AbstractApplicationContext.java:1180)
	at org.springframework.boot.web.servlet.context.ServletWebServerApplicationContext.doClose(ServletWebServerApplicationContext.java:179)
	at org.springframework.context.support.AbstractApplicationContext.close(AbstractApplicationContext.java:1126)
	at org.springframework.boot.admin.SpringApplicationAdminMXBeanRegistrar$SpringApplicationAdmin.shutdown(SpringApplicationAdminMXBeanRegistrar.java:160)
	at java.base/jdk.internal.reflect.DirectMethodHandleAccessor.invoke(DirectMethodHandleAccessor.java:103)
	at java.base/java.lang.reflect.Method.invoke(Method.java:580)
	at sun.reflect.misc.Trampoline.invoke(MethodUtil.java:64)
	at java.base/jdk.internal.reflect.DirectMethodHandleAccessor.invoke(DirectMethodHandleAccessor.java:103)
	at java.base/java.lang.reflect.Method.invoke(Method.java:580)
	at java.base/sun.reflect.misc.MethodUtil.invoke(MethodUtil.java:97)
	at java.management/com.sun.jmx.mbeanserver.ConvertingMethod.invokeWithOpenReturn(ConvertingMethod.java:193)
	at java.management/com.sun.jmx.mbeanserver.ConvertingMethod.invokeWithOpenReturn(ConvertingMethod.java:175)
	at java.management/com.sun.jmx.mbeanserver.MXBeanIntrospector.invokeM2(MXBeanIntrospector.java:115)
	at java.management/com.sun.jmx.mbeanserver.MXBeanIntrospector.invokeM2(MXBeanIntrospector.java:52)
	at java.management/com.sun.jmx.mbeanserver.MBeanIntrospector.invokeM(MBeanIntrospector.java:236)
	at java.management/com.sun.jmx.mbeanserver.PerInterface.invoke(PerInterface.java:138)
	at java.management/com.sun.jmx.mbeanserver.MBeanSupport.invoke(MBeanSupport.java:252)
	at java.management/com.sun.jmx.interceptor.DefaultMBeanServerInterceptor.invoke(DefaultMBeanServerInterceptor.java:803)
	at java.management/com.sun.jmx.mbeanserver.JmxMBeanServer.invoke(JmxMBeanServer.java:802)
	at java.management.rmi/javax.management.remote.rmi.RMIConnectionImpl.doOperation(RMIConnectionImpl.java:1472)
	at java.management.rmi/javax.management.remote.rmi.RMIConnectionImpl$PrivilegedOperation.run(RMIConnectionImpl.java:1310)
	at java.management.rmi/javax.management.remote.rmi.RMIConnectionImpl.doPrivilegedOperation(RMIConnectionImpl.java:1405)
	at java.management.rmi/javax.management.remote.rmi.RMIConnectionImpl.invoke(RMIConnectionImpl.java:829)
	at java.base/jdk.internal.reflect.DirectMethodHandleAccessor.invoke(DirectMethodHandleAccessor.java:103)
	at java.base/java.lang.reflect.Method.invoke(Method.java:580)
	at java.rmi/sun.rmi.server.UnicastServerRef.dispatch(UnicastServerRef.java:360)
	at java.rmi/sun.rmi.transport.Transport$1.run(Transport.java:200)
	at java.rmi/sun.rmi.transport.Transport$1.run(Transport.java:197)
	at java.base/java.security.AccessController.doPrivileged(AccessController.java:714)
	at java.rmi/sun.rmi.transport.Transport.serviceCall(Transport.java:196)
	at java.rmi/sun.rmi.transport.tcp.TCPTransport.handleMessages(TCPTransport.java:598)
	at java.rmi/sun.rmi.transport.tcp.TCPTransport$ConnectionHandler.run0(TCPTransport.java:844)
	at java.rmi/sun.rmi.transport.tcp.TCPTransport$ConnectionHandler.lambda$run$0(TCPTransport.java:721)
	at java.base/java.security.AccessController.doPrivileged(AccessController.java:400)
	at java.rmi/sun.rmi.transport.tcp.TCPTransport$ConnectionHandler.run(TCPTransport.java:720)
	at java.base/java.util.concurrent.ThreadPoolExecutor.runWorker(ThreadPoolExecutor.java:1144)
	at java.base/java.util.concurrent.ThreadPoolExecutor$Worker.run(ThreadPoolExecutor.java:642)
	at java.base/java.lang.Thread.run(Thread.java:1583)
Caused by: org.apache.hc.client5.http.HttpHostConnectException: Connect to http://localhost:8761 [localhost/127.0.0.1, localhost/0:0:0:0:0:0:0:1] failed: Connection refused: getsockopt
	at java.base/sun.nio.ch.Net.pollConnect(Native Method)
	at java.base/sun.nio.ch.Net.pollConnectNow(Net.java:682)
	at java.base/sun.nio.ch.NioSocketImpl.timedFinishConnect(NioSocketImpl.java:542)
	at java.base/sun.nio.ch.NioSocketImpl.connect(NioSocketImpl.java:592)
	at java.base/java.net.SocksSocketImpl.connect(SocksSocketImpl.java:327)
	at java.base/java.net.Socket.connect(Socket.java:751)
	at org.apache.hc.client5.http.impl.io.DefaultHttpClientConnectionOperator.connect(DefaultHttpClientConnectionOperator.java:216)
	at org.apache.hc.client5.http.impl.io.PoolingHttpClientConnectionManager.connect(PoolingHttpClientConnectionManager.java:490)
	at org.apache.hc.client5.http.impl.classic.InternalExecRuntime.connectEndpoint(InternalExecRuntime.java:164)
	at org.apache.hc.client5.http.impl.classic.InternalExecRuntime.connectEndpoint(InternalExecRuntime.java:174)
	at org.apache.hc.client5.http.impl.classic.ConnectExec.execute(ConnectExec.java:144)
	at org.apache.hc.client5.http.impl.classic.ExecChainElement.execute(ExecChainElement.java:51)
	at org.apache.hc.client5.http.impl.classic.ProtocolExec.execute(ProtocolExec.java:192)
	at org.apache.hc.client5.http.impl.classic.ExecChainElement.execute(ExecChainElement.java:51)
	at org.apache.hc.client5.http.impl.classic.ContentCompressionExec.execute(ContentCompressionExec.java:150)
	at org.apache.hc.client5.http.impl.classic.ExecChainElement.execute(ExecChainElement.java:51)
	at org.apache.hc.client5.http.impl.classic.HttpRequestRetryExec.execute(HttpRequestRetryExec.java:113)
	at org.apache.hc.client5.http.impl.classic.ExecChainElement.execute(ExecChainElement.java:51)
	at org.apache.hc.client5.http.impl.classic.RedirectExec.execute(RedirectExec.java:110)
	at org.apache.hc.client5.http.impl.classic.ExecChainElement.execute(ExecChainElement.java:51)
	at org.apache.hc.client5.http.impl.classic.InternalHttpClient.doExecute(InternalHttpClient.java:183)
	at org.apache.hc.client5.http.impl.classic.CloseableHttpClient.execute(CloseableHttpClient.java:87)
	at org.apache.hc.client5.http.impl.classic.CloseableHttpClient.execute(CloseableHttpClient.java:55)
	at org.apache.hc.client5.http.classic.HttpClient.executeOpen(HttpClient.java:183)
	at org.springframework.http.client.HttpComponentsClientHttpRequest.executeInternal(HttpComponentsClientHttpRequest.java:99)
	at org.springframework.http.client.AbstractStreamingClientHttpRequest.executeInternal(AbstractStreamingClientHttpRequest.java:71)
	at org.springframework.http.client.AbstractClientHttpRequest.execute(AbstractClientHttpRequest.java:81)
	at org.springframework.http.client.InterceptingClientHttpRequest$InterceptingRequestExecution.execute(InterceptingClientHttpRequest.java:117)
	at org.springframework.cloud.netflix.eureka.http.RestTemplateTransportClientFactory.lambda$restTemplate$2(RestTemplateTransportClientFactory.java:145)
	at org.springframework.http.client.InterceptingClientHttpRequest$InterceptingRequestExecution.execute(InterceptingClientHttpRequest.java:88)
	at org.springframework.http.client.InterceptingClientHttpRequest.executeInternal(InterceptingClientHttpRequest.java:72)
	at org.springframework.http.client.AbstractBufferingClientHttpRequest.executeInternal(AbstractBufferingClientHttpRequest.java:48)
	at org.springframework.http.client.AbstractClientHttpRequest.execute(AbstractClientHttpRequest.java:81)
	at org.springframework.web.client.RestTemplate.doExecute(RestTemplate.java:900)
	... 69 more

2025-05-15T18:06:47.624+05:30  WARN 11628 --- [HotelRoomManagementService] [RMI TCP Connection(686)-127.0.0.1] c.n.d.s.t.d.RetryableEurekaHttpClient    : Request execution failed with message: I/O error on DELETE request for "http://localhost:8761/eureka/apps/HOTELROOMMANAGEMENTSERVICE/LTIN604034.cts.com:HotelRoomManagementService:8082": Connect to http://localhost:8761 [localhost/127.0.0.1, localhost/0:0:0:0:0:0:0:1] failed: Connection refused: getsockopt
2025-05-15T18:06:47.624+05:30 ERROR 11628 --- [HotelRoomManagementService] [RMI TCP Connection(686)-127.0.0.1] com.netflix.discovery.DiscoveryClient    : DiscoveryClient_HOTELROOMMANAGEMENTSERVICE/LTIN604034.cts.com:HotelRoomManagementService:8082 - de-registration failedCannot execute request on any known server

com.netflix.discovery.shared.transport.TransportException: Cannot execute request on any known server
	at com.netflix.discovery.shared.transport.decorator.RetryableEurekaHttpClient.execute(RetryableEurekaHttpClient.java:112) ~[eureka-client-2.0.4.jar:2.0.4]
	at com.netflix.discovery.shared.transport.decorator.EurekaHttpClientDecorator.cancel(EurekaHttpClientDecorator.java:71) ~[eureka-client-2.0.4.jar:2.0.4]
	at com.netflix.discovery.shared.transport.decorator.EurekaHttpClientDecorator$2.execute(EurekaHttpClientDecorator.java:74) ~[eureka-client-2.0.4.jar:2.0.4]
	at com.netflix.discovery.shared.transport.decorator.SessionedEurekaHttpClient.execute(SessionedEurekaHttpClient.java:76) ~[eureka-client-2.0.4.jar:2.0.4]
	at com.netflix.discovery.shared.transport.decorator.EurekaHttpClientDecorator.cancel(EurekaHttpClientDecorator.java:71) ~[eureka-client-2.0.4.jar:2.0.4]
	at com.netflix.discovery.DiscoveryClient.unregister(DiscoveryClient.java:919) ~[eureka-client-2.0.4.jar:2.0.4]
	at com.netflix.discovery.DiscoveryClient.shutdown(DiscoveryClient.java:900) ~[eureka-client-2.0.4.jar:2.0.4]
	at java.base/jdk.internal.reflect.DirectMethodHandleAccessor.invoke(DirectMethodHandleAccessor.java:103) ~[na:na]
	at java.base/java.lang.reflect.Method.invoke(Method.java:580) ~[na:na]
	at org.springframework.beans.factory.annotation.InitDestroyAnnotationBeanPostProcessor$LifecycleMethod.invoke(InitDestroyAnnotationBeanPostProcessor.java:457) ~[spring-beans-6.2.6.jar:6.2.6]
	at org.springframework.beans.factory.annotation.InitDestroyAnnotationBeanPostProcessor$LifecycleMetadata.invokeDestroyMethods(InitDestroyAnnotationBeanPostProcessor.java:415) ~[spring-beans-6.2.6.jar:6.2.6]
	at org.springframework.beans.factory.annotation.InitDestroyAnnotationBeanPostProcessor.postProcessBeforeDestruction(InitDestroyAnnotationBeanPostProcessor.java:239) ~[spring-beans-6.2.6.jar:6.2.6]
	at org.springframework.beans.factory.support.DisposableBeanAdapter.destroy(DisposableBeanAdapter.java:202) ~[spring-beans-6.2.6.jar:6.2.6]
	at org.springframework.beans.factory.support.DisposableBeanAdapter.run(DisposableBeanAdapter.java:195) ~[spring-beans-6.2.6.jar:6.2.6]
	at org.springframework.cloud.context.scope.GenericScope$BeanLifecycleWrapper.destroy(GenericScope.java:389) ~[spring-cloud-context-4.2.1.jar:4.2.1]
	at org.springframework.cloud.context.scope.GenericScope.destroy(GenericScope.java:136) ~[spring-cloud-context-4.2.1.jar:4.2.1]
	at org.springframework.beans.factory.support.DisposableBeanAdapter.destroy(DisposableBeanAdapter.java:211) ~[spring-beans-6.2.6.jar:6.2.6]
	at org.springframework.beans.factory.support.DefaultSingletonBeanRegistry.destroyBean(DefaultSingletonBeanRegistry.java:796) ~[spring-beans-6.2.6.jar:6.2.6]
	at org.springframework.beans.factory.support.DefaultSingletonBeanRegistry.destroySingleton(DefaultSingletonBeanRegistry.java:746) ~[spring-beans-6.2.6.jar:6.2.6]
	at org.springframework.beans.factory.support.DefaultListableBeanFactory.destroySingleton(DefaultListableBeanFactory.java:1473) ~[spring-beans-6.2.6.jar:6.2.6]
	at org.springframework.beans.factory.support.DefaultSingletonBeanRegistry.destroySingletons(DefaultSingletonBeanRegistry.java:705) ~[spring-beans-6.2.6.jar:6.2.6]
	at org.springframework.beans.factory.support.DefaultListableBeanFactory.destroySingletons(DefaultListableBeanFactory.java:1466) ~[spring-beans-6.2.6.jar:6.2.6]
	at org.springframework.context.support.AbstractApplicationContext.destroyBeans(AbstractApplicationContext.java:1219) ~[spring-context-6.2.6.jar:6.2.6]
	at org.springframework.context.support.AbstractApplicationContext.doClose(AbstractApplicationContext.java:1180) ~[spring-context-6.2.6.jar:6.2.6]
	at org.springframework.boot.web.servlet.context.ServletWebServerApplicationContext.doClose(ServletWebServerApplicationContext.java:179) ~[spring-boot-3.4.5.jar:3.4.5]
	at org.springframework.context.support.AbstractApplicationContext.close(AbstractApplicationContext.java:1126) ~[spring-context-6.2.6.jar:6.2.6]
	at org.springframework.boot.admin.SpringApplicationAdminMXBeanRegistrar$SpringApplicationAdmin.shutdown(SpringApplicationAdminMXBeanRegistrar.java:160) ~[spring-boot-3.4.5.jar:3.4.5]
	at java.base/jdk.internal.reflect.DirectMethodHandleAccessor.invoke(DirectMethodHandleAccessor.java:103) ~[na:na]
	at java.base/java.lang.reflect.Method.invoke(Method.java:580) ~[na:na]
	at sun.reflect.misc.Trampoline.invoke(MethodUtil.java:64) ~[na:na]
	at java.base/jdk.internal.reflect.DirectMethodHandleAccessor.invoke(DirectMethodHandleAccessor.java:103) ~[na:na]
	at java.base/java.lang.reflect.Method.invoke(Method.java:580) ~[na:na]
	at java.base/sun.reflect.misc.MethodUtil.invoke(MethodUtil.java:97) ~[na:na]
	at java.management/com.sun.jmx.mbeanserver.ConvertingMethod.invokeWithOpenReturn(ConvertingMethod.java:193) ~[na:na]
	at java.management/com.sun.jmx.mbeanserver.ConvertingMethod.invokeWithOpenReturn(ConvertingMethod.java:175) ~[na:na]
	at java.management/com.sun.jmx.mbeanserver.MXBeanIntrospector.invokeM2(MXBeanIntrospector.java:115) ~[na:na]
	at java.management/com.sun.jmx.mbeanserver.MXBeanIntrospector.invokeM2(MXBeanIntrospector.java:52) ~[na:na]
	at java.management/com.sun.jmx.mbeanserver.MBeanIntrospector.invokeM(MBeanIntrospector.java:236) ~[na:na]
	at java.management/com.sun.jmx.mbeanserver.PerInterface.invoke(PerInterface.java:138) ~[na:na]
	at java.management/com.sun.jmx.mbeanserver.MBeanSupport.invoke(MBeanSupport.java:252) ~[na:na]
	at java.management/com.sun.jmx.interceptor.DefaultMBeanServerInterceptor.invoke(DefaultMBeanServerInterceptor.java:803) ~[na:na]
	at java.management/com.sun.jmx.mbeanserver.JmxMBeanServer.invoke(JmxMBeanServer.java:802) ~[na:na]
	at java.management.rmi/javax.management.remote.rmi.RMIConnectionImpl.doOperation(RMIConnectionImpl.java:1472) ~[na:na]
	at java.management.rmi/javax.management.remote.rmi.RMIConnectionImpl$PrivilegedOperation.run(RMIConnectionImpl.java:1310) ~[na:na]
	at java.management.rmi/javax.management.remote.rmi.RMIConnectionImpl.doPrivilegedOperation(RMIConnectionImpl.java:1405) ~[na:na]
	at java.management.rmi/javax.management.remote.rmi.RMIConnectionImpl.invoke(RMIConnectionImpl.java:829) ~[na:na]
	at java.base/jdk.internal.reflect.DirectMethodHandleAccessor.invoke(DirectMethodHandleAccessor.java:103) ~[na:na]
	at java.base/java.lang.reflect.Method.invoke(Method.java:580) ~[na:na]
	at java.rmi/sun.rmi.server.UnicastServerRef.dispatch(UnicastServerRef.java:360) ~[na:na]
	at java.rmi/sun.rmi.transport.Transport$1.run(Transport.java:200) ~[na:na]
	at java.rmi/sun.rmi.transport.Transport$1.run(Transport.java:197) ~[na:na]
	at java.base/java.security.AccessController.doPrivileged(AccessController.java:714) ~[na:na]
	at java.rmi/sun.rmi.transport.Transport.serviceCall(Transport.java:196) ~[na:na]
	at java.rmi/sun.rmi.transport.tcp.TCPTransport.handleMessages(TCPTransport.java:598) ~[na:na]
	at java.rmi/sun.rmi.transport.tcp.TCPTransport$ConnectionHandler.run0(TCPTransport.java:844) ~[na:na]
	at java.rmi/sun.rmi.transport.tcp.TCPTransport$ConnectionHandler.lambda$run$0(TCPTransport.java:721) ~[na:na]
	at java.base/java.security.AccessController.doPrivileged(AccessController.java:400) ~[na:na]
	at java.rmi/sun.rmi.transport.tcp.TCPTransport$ConnectionHandler.run(TCPTransport.java:720) ~[na:na]
	at java.base/java.util.concurrent.ThreadPoolExecutor.runWorker(ThreadPoolExecutor.java:1144) ~[na:na]
	at java.base/java.util.concurrent.ThreadPoolExecutor$Worker.run(ThreadPoolExecutor.java:642) ~[na:na]
	at java.base/java.lang.Thread.run(Thread.java:1583) ~[na:na]

2025-05-15T18:06:47.628+05:30  INFO 11628 --- [HotelRoomManagementService] [RMI TCP Connection(686)-127.0.0.1] com.netflix.discovery.DiscoveryClient    : Completed shut down of DiscoveryClient
